
1/21/2020, 3:54:25 PM

Operating System
  Name                        = Mac OS X
  Version                     = 10.15.2
  Architecture                = 64bit
  # CPUs                      = 12
  Memory                      = 17179869184

Node.js
  Node.js Version             = 10.16.3
  npm Version                 = 6.9.0

Titanium CLI
  CLI Version                 = 5.2.1

Titanium SDK
  SDK Version                 = 8.3.0.GA
  SDK Path                    = /Users/knemeth/Library/Application Support/Titanium/mobilesdk/osx/8.3.0.GA
  Target Platform             = iphone

Command
  /usr/local/bin/node /Users/knemeth/.appcelerator/install/7.1.1/package/node_modules/titanium/lib/titanium.js build -p ios --build-only --config-file /var/folders/qy/4f1fm4ys7gd45drh4n1dvfcw0000gp/T/build-1579618457922.json --log-level info --no-banner --project-dir /Users/knemeth/Documents/GitHub/AppsFlyer/iphone

[DEBUG]  Titanium SDK iOS directory: /Users/knemeth/Library/Application Support/Titanium/mobilesdk/osx/8.3.0.GA/iphone
[INFO]   Project directory: /Users/knemeth/Documents/GitHub/AppsFlyer/iphone
[INFO]   Module ID: co.uk.devpulse.appsflyer
[INFO]   Module Type: Static Library (Objective-C)
[WARN]   Please update the LICENSE file with your license text before distributing.
[DEBUG]  Writing module assets file: /Users/knemeth/Documents/GitHub/AppsFlyer/iphone/Classes/CoUkDevpulseAppsflyerModuleAssets.m
[DEBUG]  Running: DEVELOPER_DIR=/Applications/Xcode.app/Contents/Developer /Applications/Xcode.app/Contents/Developer/usr/bin/xcodebuild -configuration Release -sdk iphonesimulator -UseNewBuildSystem=NO ONLY_ACTIVE_ARCH=NO clean build
[TRACE]  [xcode-sim] User defaults from command line:
[TRACE]  [xcode-sim]     UseNewBuildSystem = NO
[TRACE]  [xcode-sim] Build settings from command line:
[TRACE]  [xcode-sim]     ONLY_ACTIVE_ARCH = NO
[TRACE]  [xcode-sim]     SDKROOT = iphonesimulator13.2
[TRACE]  [xcode-sim] Prepare build
[TRACE]  [xcode-sim] note: Using legacy build system
[TRACE]  [xcode-sim] === CLEAN TARGET AppsFlyer OF PROJECT AppsFlyer WITH CONFIGURATION Release ===
[TRACE]  [xcode-sim] Check dependencies
[TRACE]  [xcode-sim] Clean.Remove clean build/SharedPrecompiledHeaders/CoUkDevpulseAppsflyer_Prefix-cogkfkdaljrqxffzmvqnyskuxxao/CoUkDevpulseAppsflyer_Prefix.pch.pch
[TRACE]  [xcode-sim]     builtin-rm -rf /Users/knemeth/Documents/GitHub/AppsFlyer/iphone/build/SharedPrecompiledHeaders/CoUkDevpulseAppsflyer_Prefix-cogkfkdaljrqxffzmvqnyskuxxao/CoUkDevpulseAppsflyer_Prefix.pch.pch
[TRACE]  [xcode-sim] Clean.Remove clean build/SharedPrecompiledHeaders/CoUkDevpulseAppsflyer_Prefix-bnmosdweifnhbiftbgxiqznzadvw/CoUkDevpulseAppsflyer_Prefix.pch.pch
[TRACE]  [xcode-sim]     builtin-rm -rf /Users/knemeth/Documents/GitHub/AppsFlyer/iphone/build/SharedPrecompiledHeaders/CoUkDevpulseAppsflyer_Prefix-bnmosdweifnhbiftbgxiqznzadvw/CoUkDevpulseAppsflyer_Prefix.pch.pch
[TRACE]  [xcode-sim] Clean.Remove clean build/Release-iphonesimulator/libco.uk.devpulse.appsflyer.a
[TRACE]  [xcode-sim]     builtin-rm -rf /Users/knemeth/Documents/GitHub/AppsFlyer/iphone/build/Release-iphonesimulator/libco.uk.devpulse.appsflyer.a
[TRACE]  [xcode-sim] Clean.Remove clean build/AppsFlyer.build/Release-iphonesimulator/AppsFlyer.build
[TRACE]  [xcode-sim]     builtin-rm -rf /Users/knemeth/Documents/GitHub/AppsFlyer/iphone/build/AppsFlyer.build/Release-iphonesimulator/AppsFlyer.build
[TRACE]  [xcode-sim] ** CLEAN SUCCEEDED **
[TRACE]  [xcode-sim] Prepare build
[TRACE]  [xcode-sim] note: Using legacy build system
[TRACE]  [xcode-sim] === BUILD TARGET AppsFlyer OF PROJECT AppsFlyer WITH CONFIGURATION Release ===
[TRACE]  [xcode-sim] Check dependencies
[TRACE]  [xcode-sim] Write auxiliary files
[TRACE]  [xcode-sim] write-file /Users/knemeth/Documents/GitHub/AppsFlyer/iphone/build/AppsFlyer.build/Release-iphonesimulator/AppsFlyer.build/co.uk.devpulse.appsflyer-all-non-framework-target-headers.hmap
[TRACE]  [xcode-sim] write-file /Users/knemeth/Documents/GitHub/AppsFlyer/iphone/build/AppsFlyer.build/Release-iphonesimulator/AppsFlyer.build/co.uk.devpulse.appsflyer-generated-files.hmap
[TRACE]  [xcode-sim] write-file /Users/knemeth/Documents/GitHub/AppsFlyer/iphone/build/AppsFlyer.build/Release-iphonesimulator/AppsFlyer.build/co.uk.devpulse.appsflyer-all-target-headers.hmap
[TRACE]  [xcode-sim] write-file /Users/knemeth/Documents/GitHub/AppsFlyer/iphone/build/AppsFlyer.build/Release-iphonesimulator/AppsFlyer.build/co.uk.devpulse.appsflyer-project-headers.hmap
[TRACE]  [xcode-sim] /bin/mkdir -p /Users/knemeth/Documents/GitHub/AppsFlyer/iphone/build/SharedPrecompiledHeaders/CoUkDevpulseAppsflyer_Prefix-bnmosdweifnhbiftbgxiqznzadvw
[TRACE]  [xcode-sim] write-file /Users/knemeth/Documents/GitHub/AppsFlyer/iphone/build/SharedPrecompiledHeaders/CoUkDevpulseAppsflyer_Prefix-bnmosdweifnhbiftbgxiqznzadvw/CoUkDevpulseAppsflyer_Prefix.pch.pch.hash-criteria
[TRACE]  [xcode-sim] /bin/mkdir -p /Users/knemeth/Documents/GitHub/AppsFlyer/iphone/build/SharedPrecompiledHeaders/CoUkDevpulseAppsflyer_Prefix-cogkfkdaljrqxffzmvqnyskuxxao
[TRACE]  [xcode-sim] write-file /Users/knemeth/Documents/GitHub/AppsFlyer/iphone/build/SharedPrecompiledHeaders/CoUkDevpulseAppsflyer_Prefix-cogkfkdaljrqxffzmvqnyskuxxao/CoUkDevpulseAppsflyer_Prefix.pch.pch.hash-criteria
[TRACE]  [xcode-sim] /bin/mkdir -p /Users/knemeth/Documents/GitHub/AppsFlyer/iphone/build/AppsFlyer.build/Release-iphonesimulator/AppsFlyer.build/Objects-normal/i386
[TRACE]  [xcode-sim] write-file /Users/knemeth/Documents/GitHub/AppsFlyer/iphone/build/AppsFlyer.build/Release-iphonesimulator/AppsFlyer.build/Objects-normal/i386/co.uk.devpulse.appsflyer.LinkFileList
[TRACE]  [xcode-sim] write-file /Users/knemeth/Documents/GitHub/AppsFlyer/iphone/build/AppsFlyer.build/Release-iphonesimulator/AppsFlyer.build/co.uk.devpulse.appsflyer-own-target-headers.hmap
[TRACE]  [xcode-sim] write-file /Users/knemeth/Documents/GitHub/AppsFlyer/iphone/build/AppsFlyer.build/Release-iphonesimulator/AppsFlyer.build/co.uk.devpulse.appsflyer.hmap
[TRACE]  [xcode-sim] /bin/mkdir -p /Users/knemeth/Documents/GitHub/AppsFlyer/iphone/build/AppsFlyer.build/Release-iphonesimulator/AppsFlyer.build/Objects-normal/x86_64
[TRACE]  [xcode-sim] write-file /Users/knemeth/Documents/GitHub/AppsFlyer/iphone/build/AppsFlyer.build/Release-iphonesimulator/AppsFlyer.build/Objects-normal/x86_64/co.uk.devpulse.appsflyer.LinkFileList
[TRACE]  [xcode-sim] ProcessPCH build/SharedPrecompiledHeaders/CoUkDevpulseAppsflyer_Prefix-bnmosdweifnhbiftbgxiqznzadvw/CoUkDevpulseAppsflyer_Prefix.pch.pch CoUkDevpulseAppsflyer_Prefix.pch normal x86_64 objective-c com.apple.compilers.llvm.clang.1_0.compiler
[TRACE]  [xcode-sim]     cd /Users/knemeth/Documents/GitHub/AppsFlyer/iphone
[TRACE]  [xcode-sim]     export LANG=en_US.US-ASCII
[TRACE]  [xcode-sim]     export PATH="/Applications/Xcode.app/Contents/Developer/Platforms/iPhoneSimulator.platform/Developer/usr/bin:/Applications/Xcode.app/Contents/Developer/usr/bin:/Library/Frameworks/Python.framework/Versions/3.8/bin:/usr/local/bin:/usr/bin:/bin:/usr/sbin:/sbin"
[TRACE]  [xcode-sim]     /Applications/Xcode.app/Contents/Developer/Toolchains/XcodeDefault.xctoolchain/usr/bin/clang -x objective-c-header -target x86_64-apple-ios8.0-simulator -fmessage-length=0 -fdiagnostics-show-note-include-stack -fmacro-backtrace-limit=0 -std=c99 -Wno-trigraphs -fpascal-strings -Os -fno-common -Wno-missing-field-initializers -Wno-missing-prototypes -Wno-return-type -Wunreachable-code -Wno-implicit-atomic-properties -Wno-objc-interface-ivars -Wno-arc-repeated-use-of-weak -Wduplicate-method-match -Wno-missing-braces -Wno-parentheses -Wswitch -Wunused-function -Wno-unused-label -Wno-unused-parameter -Wno-unused-variable -Wno-unused-value -Wempty-body -Wuninitialized -Wno-unknown-pragmas -Wno-shadow -Wno-four-char-constants -Wno-conversion -Wconstant-conversion -Wint-conversion -Wbool-conversion -Wenum-conversion -Wno-float-conversion -Wnon-literal-null-conversion -Wobjc-literal-conversion -Wshorten-64-to-32 -Wpointer-sign -Wno-newline-eof -Wno-selector -Wno-strict-selector-match -Wundeclared-selector -Wno-deprecated-implementations -DTI_VERSION= -DOBJC_OLD_DISPATCH_PROTOTYPES=0 -isysroot /Applications/Xcode.app/Contents/Developer/Platforms/iPhoneSimulator.platform/Developer/SDKs/iPhoneSimulator13.2.sdk -fasm-blocks -fstrict-aliasing -Wprotocol -Wdeprecated-declarations -g -Wno-sign-conversion -Winfinite-recursion -Wcomma -Wblock-capture-autoreleasing -Wstrict-prototypes -Wno-semicolon-before-method-body -fobjc-abi-version=2 -fobjc-legacy-dispatch -iquote /Users/knemeth/Documents/GitHub/AppsFlyer/iphone/build/AppsFlyer.build/Release-iphonesimulator/AppsFlyer.build/co.uk.devpulse.appsflyer-generated-files.hmap -I/Users/knemeth/Documents/GitHub/AppsFlyer/iphone/build/AppsFlyer.build/Release-iphonesimulator/AppsFlyer.build/co.uk.devpulse.appsflyer-own-target-headers.hmap -I/Users/knemeth/Documents/GitHub/AppsFlyer/iphone/build/AppsFlyer.build/Release-iphonesimulator/AppsFlyer.build/co.uk.devpulse.appsflyer-all-target-headers.hmap -iquote /Users/knemeth/Documents/GitHub/AppsFlyer/iphone/build/AppsFlyer.build/Release-iphonesimulator/AppsFlyer.build/co.uk.devpulse.appsflyer-project-headers.hmap -I/Users/knemeth/Documents/GitHub/AppsFlyer/iphone/build/Release-iphonesimulator/include -I/Users/knemeth/Library/Application\ Support/Titanium/mobilesdk/osx/8.3.0.GA/iphone/include -I/Users/knemeth/Library/Application\ Support/Titanium/mobilesdk/osx/8.3.0.GA/iphone/include/TiCore -I/Users/knemeth/Library/Application\ Support/Titanium/mobilesdk/osx/8.3.0.GA/iphone/include/JavaScriptCore -I/Users/knemeth/Documents/GitHub/AppsFlyer/iphone/build/AppsFlyer.build/Release-iphonesimulator/AppsFlyer.build/DerivedSources-normal/x86_64 -I/Users/knemeth/Documents/GitHub/AppsFlyer/iphone/build/AppsFlyer.build/Release-iphonesimulator/AppsFlyer.build/DerivedSources/x86_64 -I/Users/knemeth/Documents/GitHub/AppsFlyer/iphone/build/AppsFlyer.build/Release-iphonesimulator/AppsFlyer.build/DerivedSources -F/Users/knemeth/Documents/GitHub/AppsFlyer/iphone/build/Release-iphonesimulator -F/Users/knemeth/Library/Application\ Support/Titanium/mobilesdk/osx/8.3.0.GA/iphone/Frameworks -F/Users/knemeth/Documents/GitHub/AppsFlyer/iphone -DTI_POST_1_2 -MD -MT dependencies -MF /Users/knemeth/Documents/GitHub/AppsFlyer/iphone/build/SharedPrecompiledHeaders/CoUkDevpulseAppsflyer_Prefix-bnmosdweifnhbiftbgxiqznzadvw/CoUkDevpulseAppsflyer_Prefix.pch.d -c /Users/knemeth/Documents/GitHub/AppsFlyer/iphone/CoUkDevpulseAppsflyer_Prefix.pch -o /Users/knemeth/Documents/GitHub/AppsFlyer/iphone/build/SharedPrecompiledHeaders/CoUkDevpulseAppsflyer_Prefix-bnmosdweifnhbiftbgxiqznzadvw/CoUkDevpulseAppsflyer_Prefix.pch.pch --serialize-diagnostics /Users/knemeth/Documents/GitHub/AppsFlyer/iphone/build/SharedPrecompiledHeaders/CoUkDevpulseAppsflyer_Prefix-bnmosdweifnhbiftbgxiqznzadvw/CoUkDevpulseAppsflyer_Prefix.pch.dia
[TRACE]  [xcode-sim] ProcessPCH build/SharedPrecompiledHeaders/CoUkDevpulseAppsflyer_Prefix-cogkfkdaljrqxffzmvqnyskuxxao/CoUkDevpulseAppsflyer_Prefix.pch.pch CoUkDevpulseAppsflyer_Prefix.pch normal i386 objective-c com.apple.compilers.llvm.clang.1_0.compiler
[TRACE]  [xcode-sim]     cd /Users/knemeth/Documents/GitHub/AppsFlyer/iphone
[TRACE]  [xcode-sim]     export LANG=en_US.US-ASCII
[TRACE]  [xcode-sim]     export PATH="/Applications/Xcode.app/Contents/Developer/Platforms/iPhoneSimulator.platform/Developer/usr/bin:/Applications/Xcode.app/Contents/Developer/usr/bin:/Library/Frameworks/Python.framework/Versions/3.8/bin:/usr/local/bin:/usr/bin:/bin:/usr/sbin:/sbin"
[TRACE]  [xcode-sim]     /Applications/Xcode.app/Contents/Developer/Toolchains/XcodeDefault.xctoolchain/usr/bin/clang -x objective-c-header -target i386-apple-ios8.0-simulator -fmessage-length=0 -fdiagnostics-show-note-include-stack -fmacro-backtrace-limit=0 -std=c99 -Wno-trigraphs -fpascal-strings -Os -fno-common -Wno-missing-field-initializers -Wno-missing-prototypes -Wno-return-type -Wunreachable-code -Wno-implicit-atomic-properties -Wno-objc-interface-ivars -Wno-arc-repeated-use-of-weak -Wduplicate-method-match -Wno-missing-braces -Wno-parentheses -Wswitch -Wunused-function -Wno-unused-label -Wno-unused-parameter -Wno-unused-variable -Wno-unused-value -Wempty-body -Wuninitialized -Wno-unknown-pragmas -Wno-shadow -Wno-four-char-constants -Wno-conversion -Wconstant-conversion -Wint-conversion -Wbool-conversion -Wenum-conversion -Wno-float-conversion -Wnon-literal-null-conversion -Wobjc-literal-conversion -Wshorten-64-to-32 -Wpointer-sign -Wno-newline-eof -Wno-selector -Wno-strict-selector-match -Wundeclared-selector -Wno-deprecated-implementations -DTI_VERSION= -DOBJC_OLD_DISPATCH_PROTOTYPES=0 -isysroot /Applications/Xcode.app/Contents/Developer/Platforms/iPhoneSimulator.platform/Developer/SDKs/iPhoneSimulator13.2.sdk -fasm-blocks -fstrict-aliasing -Wprotocol -Wdeprecated-declarations -g -Wno-sign-conversion -Winfinite-recursion -Wcomma -Wblock-capture-autoreleasing -Wstrict-prototypes -Wno-semicolon-before-method-body -fobjc-abi-version=2 -fobjc-legacy-dispatch -iquote /Users/knemeth/Documents/GitHub/AppsFlyer/iphone/build/AppsFlyer.build/Release-iphonesimulator/AppsFlyer.build/co.uk.devpulse.appsflyer-generated-files.hmap -I/Users/knemeth/Documents/GitHub/AppsFlyer/iphone/build/AppsFlyer.build/Release-iphonesimulator/AppsFlyer.build/co.uk.devpulse.appsflyer-own-target-headers.hmap -I/Users/knemeth/Documents/GitHub/AppsFlyer/iphone/build/AppsFlyer.build/Release-iphonesimulator/AppsFlyer.build/co.uk.devpulse.appsflyer-all-target-headers.hmap -iquote /Users/knemeth/Documents/GitHub/AppsFlyer/iphone/build/AppsFlyer.build/Release-iphonesimulator/AppsFlyer.build/co.uk.devpulse.appsflyer-project-headers.hmap -I/Users/knemeth/Documents/GitHub/AppsFlyer/iphone/build/Release-iphonesimulator/include -I/Users/knemeth/Library/Application\ Support/Titanium/mobilesdk/osx/8.3.0.GA/iphone/include -I/Users/knemeth/Library/Application\ Support/Titanium/mobilesdk/osx/8.3.0.GA/iphone/include/TiCore -I/Users/knemeth/Library/Application\ Support/Titanium/mobilesdk/osx/8.3.0.GA/iphone/include/JavaScriptCore -I/Users/knemeth/Documents/GitHub/AppsFlyer/iphone/build/AppsFlyer.build/Release-iphonesimulator/AppsFlyer.build/DerivedSources-normal/i386 -I/Users/knemeth/Documents/GitHub/AppsFlyer/iphone/build/AppsFlyer.build/Release-iphonesimulator/AppsFlyer.build/DerivedSources/i386 -I/Users/knemeth/Documents/GitHub/AppsFlyer/iphone/build/AppsFlyer.build/Release-iphonesimulator/AppsFlyer.build/DerivedSources -F/Users/knemeth/Documents/GitHub/AppsFlyer/iphone/build/Release-iphonesimulator -F/Users/knemeth/Library/Application\ Support/Titanium/mobilesdk/osx/8.3.0.GA/iphone/Frameworks -F/Users/knemeth/Documents/GitHub/AppsFlyer/iphone -DTI_POST_1_2 -MD -MT dependencies -MF /Users/knemeth/Documents/GitHub/AppsFlyer/iphone/build/SharedPrecompiledHeaders/CoUkDevpulseAppsflyer_Prefix-cogkfkdaljrqxffzmvqnyskuxxao/CoUkDevpulseAppsflyer_Prefix.pch.d -c /Users/knemeth/Documents/GitHub/AppsFlyer/iphone/CoUkDevpulseAppsflyer_Prefix.pch -o /Users/knemeth/Documents/GitHub/AppsFlyer/iphone/build/SharedPrecompiledHeaders/CoUkDevpulseAppsflyer_Prefix-cogkfkdaljrqxffzmvqnyskuxxao/CoUkDevpulseAppsflyer_Prefix.pch.pch --serialize-diagnostics /Users/knemeth/Documents/GitHub/AppsFlyer/iphone/build/SharedPrecompiledHeaders/CoUkDevpulseAppsflyer_Prefix-cogkfkdaljrqxffzmvqnyskuxxao/CoUkDevpulseAppsflyer_Prefix.pch.dia
[TRACE]  [xcode-sim] CompileC build/AppsFlyer.build/Release-iphonesimulator/AppsFlyer.build/Objects-normal/i386/CoUkDevpulseAppsflyerModule.o Classes/CoUkDevpulseAppsflyerModule.m normal i386 objective-c com.apple.compilers.llvm.clang.1_0.compiler
[TRACE]  [xcode-sim]     cd /Users/knemeth/Documents/GitHub/AppsFlyer/iphone
[TRACE]  [xcode-sim]     export LANG=en_US.US-ASCII
[TRACE]  [xcode-sim]     export PATH="/Applications/Xcode.app/Contents/Developer/Platforms/iPhoneSimulator.platform/Developer/usr/bin:/Applications/Xcode.app/Contents/Developer/usr/bin:/Library/Frameworks/Python.framework/Versions/3.8/bin:/usr/local/bin:/usr/bin:/bin:/usr/sbin:/sbin"
[TRACE]  [xcode-sim]     /Applications/Xcode.app/Contents/Developer/Toolchains/XcodeDefault.xctoolchain/usr/bin/clang -x objective-c -target i386-apple-ios8.0-simulator -fmessage-length=0 -fdiagnostics-show-note-include-stack -fmacro-backtrace-limit=0 -std=c99 -Wno-trigraphs -fpascal-strings -Os -fno-common -Wno-missing-field-initializers -Wno-missing-prototypes -Wno-return-type -Wunreachable-code -Wno-implicit-atomic-properties -Wno-objc-interface-ivars -Wno-arc-repeated-use-of-weak -Wduplicate-method-match -Wno-missing-braces -Wno-parentheses -Wswitch -Wunused-function -Wno-unused-label -Wno-unused-parameter -Wno-unused-variable -Wno-unused-value -Wempty-body -Wuninitialized -Wno-unknown-pragmas -Wno-shadow -Wno-four-char-constants -Wno-conversion -Wconstant-conversion -Wint-conversion -Wbool-conversion -Wenum-conversion -Wno-float-conversion -Wnon-literal-null-conversion -Wobjc-literal-conversion -Wshorten-64-to-32 -Wpointer-sign -Wno-newline-eof -Wno-selector -Wno-strict-selector-match -Wundeclared-selector -Wno-deprecated-implementations -DTI_VERSION= -DOBJC_OLD_DISPATCH_PROTOTYPES=0 -isysroot /Applications/Xcode.app/Contents/Developer/Platforms/iPhoneSimulator.platform/Developer/SDKs/iPhoneSimulator13.2.sdk -fasm-blocks -fstrict-aliasing -Wprotocol -Wdeprecated-declarations -g -Wno-sign-conversion -Winfinite-recursion -Wcomma -Wblock-capture-autoreleasing -Wstrict-prototypes -Wno-semicolon-before-method-body -fobjc-abi-version=2 -fobjc-legacy-dispatch -iquote /Users/knemeth/Documents/GitHub/AppsFlyer/iphone/build/AppsFlyer.build/Release-iphonesimulator/AppsFlyer.build/co.uk.devpulse.appsflyer-generated-files.hmap -I/Users/knemeth/Documents/GitHub/AppsFlyer/iphone/build/AppsFlyer.build/Release-iphonesimulator/AppsFlyer.build/co.uk.devpulse.appsflyer-own-target-headers.hmap -I/Users/knemeth/Documents/GitHub/AppsFlyer/iphone/build/AppsFlyer.build/Release-iphonesimulator/AppsFlyer.build/co.uk.devpulse.appsflyer-all-target-headers.hmap -iquote /Users/knemeth/Documents/GitHub/AppsFlyer/iphone/build/AppsFlyer.build/Release-iphonesimulator/AppsFlyer.build/co.uk.devpulse.appsflyer-project-headers.hmap -I/Users/knemeth/Documents/GitHub/AppsFlyer/iphone/build/Release-iphonesimulator/include -I/Users/knemeth/Library/Application\ Support/Titanium/mobilesdk/osx/8.3.0.GA/iphone/include -I/Users/knemeth/Library/Application\ Support/Titanium/mobilesdk/osx/8.3.0.GA/iphone/include/TiCore -I/Users/knemeth/Library/Application\ Support/Titanium/mobilesdk/osx/8.3.0.GA/iphone/include/JavaScriptCore -I/Users/knemeth/Documents/GitHub/AppsFlyer/iphone/build/AppsFlyer.build/Release-iphonesimulator/AppsFlyer.build/DerivedSources-normal/i386 -I/Users/knemeth/Documents/GitHub/AppsFlyer/iphone/build/AppsFlyer.build/Release-iphonesimulator/AppsFlyer.build/DerivedSources/i386 -I/Users/knemeth/Documents/GitHub/AppsFlyer/iphone/build/AppsFlyer.build/Release-iphonesimulator/AppsFlyer.build/DerivedSources -F/Users/knemeth/Documents/GitHub/AppsFlyer/iphone/build/Release-iphonesimulator -F/Users/knemeth/Library/Application\ Support/Titanium/mobilesdk/osx/8.3.0.GA/iphone/Frameworks -F/Users/knemeth/Documents/GitHub/AppsFlyer/iphone -DTI_POST_1_2 -include /Users/knemeth/Documents/GitHub/AppsFlyer/iphone/build/SharedPrecompiledHeaders/CoUkDevpulseAppsflyer_Prefix-cogkfkdaljrqxffzmvqnyskuxxao/CoUkDevpulseAppsflyer_Prefix.pch -MMD -MT dependencies -MF /Users/knemeth/Documents/GitHub/AppsFlyer/iphone/build/AppsFlyer.build/Release-iphonesimulator/AppsFlyer.build/Objects-normal/i386/CoUkDevpulseAppsflyerModule.d --serialize-diagnostics /Users/knemeth/Documents/GitHub/AppsFlyer/iphone/build/AppsFlyer.build/Release-iphonesimulator/AppsFlyer.build/Objects-normal/i386/CoUkDevpulseAppsflyerModule.dia -c /Users/knemeth/Documents/GitHub/AppsFlyer/iphone/Classes/CoUkDevpulseAppsflyerModule.m -o /Users/knemeth/Documents/GitHub/AppsFlyer/iphone/build/AppsFlyer.build/Release-iphonesimulator/AppsFlyer.build/Objects-normal/i386/CoUkDevpulseAppsflyerModule.o
[TRACE]  [xcode-sim] In file included from /Users/knemeth/Documents/GitHub/AppsFlyer/iphone/Classes/CoUkDevpulseAppsflyerModule.m:12:
[TRACE]  [xcode-sim] /Users/knemeth/Documents/GitHub/AppsFlyer/iphone/AppsFlyerTracker.h:314:1: warning: no 'assign', 'retain', or 'copy' attribute is specified - 'assign' is assumed [-Wobjc-property-no-attribute]
[TRACE]  [xcode-sim] @property(nonatomic, nullable) NSArray<NSString *> *resolveDeepLinkURLs;
[TRACE]  [xcode-sim] ^
[TRACE]  [xcode-sim] /Users/knemeth/Documents/GitHub/AppsFlyer/iphone/AppsFlyerTracker.h:314:1: warning: default property attribute 'assign' not appropriate for object [-Wobjc-property-no-attribute]
[TRACE]  [xcode-sim] /Users/knemeth/Documents/GitHub/AppsFlyer/iphone/AppsFlyerTracker.h:325:1: warning: no 'assign', 'retain', or 'copy' attribute is specified - 'assign' is assumed [-Wobjc-property-no-attribute]
[TRACE]  [xcode-sim] @property(nonatomic, nullable) NSArray<NSString *> *oneLinkCustomDomains;
[TRACE]  [xcode-sim] ^
[TRACE]  [xcode-sim] /Users/knemeth/Documents/GitHub/AppsFlyer/iphone/AppsFlyerTracker.h:325:1: warning: default property attribute 'assign' not appropriate for object [-Wobjc-property-no-attribute]
[TRACE]  [xcode-sim] /Users/knemeth/Documents/GitHub/AppsFlyer/iphone/AppsFlyerTracker.h:330:1: warning: no 'assign', 'retain', or 'copy' attribute is specified - 'assign' is assumed [-Wobjc-property-no-attribute]
[TRACE]  [xcode-sim] @property(nonatomic, nullable) NSString *phoneNumber;
[TRACE]  [xcode-sim] ^
[TRACE]  [xcode-sim] /Users/knemeth/Documents/GitHub/AppsFlyer/iphone/AppsFlyerTracker.h:330:1: warning: default property attribute 'assign' not appropriate for object [-Wobjc-property-no-attribute]
[TRACE]  [xcode-sim] /Users/knemeth/Documents/GitHub/AppsFlyer/iphone/Classes/CoUkDevpulseAppsflyerModule.m:119:8: warning: incompatible integer to pointer conversion initializing 'id' with an expression of type 'BOOL' (aka 'signed char') [-Wint-conversion]
[TRACE]  [xcode-sim]     id isDebug = [TiUtils boolValue:[args objectForKey:@"isDebug"] def:NO];
[TRACE]  [xcode-sim]        ^         ~~~~~~~~~~~~~~~~~~~~~~~~~~~~~~~~~~~~~~~~~~~~~~~~~~~~~~~~~
[TRACE]  [xcode-sim] /Users/knemeth/Documents/GitHub/AppsFlyer/iphone/Classes/CoUkDevpulseAppsflyerModule.m:126:46: warning: incompatible pointer to integer conversion assigning to 'BOOL' (aka 'signed char') from 'id' [-Wint-conversion]
[TRACE]  [xcode-sim]     [AppsFlyerTracker sharedTracker].isDebug = isDebug;
[TRACE]  [xcode-sim]                                              ^ ~~~~~~~
[TRACE]  [xcode-sim] 8 warnings generated.
[TRACE]  [xcode-sim] CompileC build/AppsFlyer.build/Release-iphonesimulator/AppsFlyer.build/Objects-normal/i386/CoUkDevpulseAppsflyerModuleAssets.o Classes/CoUkDevpulseAppsflyerModuleAssets.m normal i386 objective-c com.apple.compilers.llvm.clang.1_0.compiler
[TRACE]  [xcode-sim]     cd /Users/knemeth/Documents/GitHub/AppsFlyer/iphone
[TRACE]  [xcode-sim]     export LANG=en_US.US-ASCII
[TRACE]  [xcode-sim]     export PATH="/Applications/Xcode.app/Contents/Developer/Platforms/iPhoneSimulator.platform/Developer/usr/bin:/Applications/Xcode.app/Contents/Developer/usr/bin:/Library/Frameworks/Python.framework/Versions/3.8/bin:/usr/local/bin:/usr/bin:/bin:/usr/sbin:/sbin"
[TRACE]  [xcode-sim]     /Applications/Xcode.app/Contents/Developer/Toolchains/XcodeDefault.xctoolchain/usr/bin/clang -x objective-c -target i386-apple-ios8.0-simulator -fmessage-length=0 -fdiagnostics-show-note-include-stack -fmacro-backtrace-limit=0 -std=c99 -Wno-trigraphs -fpascal-strings -Os -fno-common -Wno-missing-field-initializers -Wno-missing-prototypes -Wno-return-type -Wunreachable-code -Wno-implicit-atomic-properties -Wno-objc-interface-ivars -Wno-arc-repeated-use-of-weak -Wduplicate-method-match -Wno-missing-braces -Wno-parentheses -Wswitch -Wunused-function -Wno-unused-label -Wno-unused-parameter -Wno-unused-variable -Wno-unused-value -Wempty-body -Wuninitialized -Wno-unknown-pragmas -Wno-shadow -Wno-four-char-constants -Wno-conversion -Wconstant-conversion -Wint-conversion -Wbool-conversion -Wenum-conversion -Wno-float-conversion -Wnon-literal-null-conversion -Wobjc-literal-conversion -Wshorten-64-to-32 -Wpointer-sign -Wno-newline-eof -Wno-selector -Wno-strict-selector-match -Wundeclared-selector -Wno-deprecated-implementations -DTI_VERSION= -DOBJC_OLD_DISPATCH_PROTOTYPES=0 -isysroot /Applications/Xcode.app/Contents/Developer/Platforms/iPhoneSimulator.platform/Developer/SDKs/iPhoneSimulator13.2.sdk -fasm-blocks -fstrict-aliasing -Wprotocol -Wdeprecated-declarations -g -Wno-sign-conversion -Winfinite-recursion -Wcomma -Wblock-capture-autoreleasing -Wstrict-prototypes -Wno-semicolon-before-method-body -fobjc-abi-version=2 -fobjc-legacy-dispatch -iquote /Users/knemeth/Documents/GitHub/AppsFlyer/iphone/build/AppsFlyer.build/Release-iphonesimulator/AppsFlyer.build/co.uk.devpulse.appsflyer-generated-files.hmap -I/Users/knemeth/Documents/GitHub/AppsFlyer/iphone/build/AppsFlyer.build/Release-iphonesimulator/AppsFlyer.build/co.uk.devpulse.appsflyer-own-target-headers.hmap -I/Users/knemeth/Documents/GitHub/AppsFlyer/iphone/build/AppsFlyer.build/Release-iphonesimulator/AppsFlyer.build/co.uk.devpulse.appsflyer-all-target-headers.hmap -iquote /Users/knemeth/Documents/GitHub/AppsFlyer/iphone/build/AppsFlyer.build/Release-iphonesimulator/AppsFlyer.build/co.uk.devpulse.appsflyer-project-headers.hmap -I/Users/knemeth/Documents/GitHub/AppsFlyer/iphone/build/Release-iphonesimulator/include -I/Users/knemeth/Library/Application\ Support/Titanium/mobilesdk/osx/8.3.0.GA/iphone/include -I/Users/knemeth/Library/Application\ Support/Titanium/mobilesdk/osx/8.3.0.GA/iphone/include/TiCore -I/Users/knemeth/Library/Application\ Support/Titanium/mobilesdk/osx/8.3.0.GA/iphone/include/JavaScriptCore -I/Users/knemeth/Documents/GitHub/AppsFlyer/iphone/build/AppsFlyer.build/Release-iphonesimulator/AppsFlyer.build/DerivedSources-normal/i386 -I/Users/knemeth/Documents/GitHub/AppsFlyer/iphone/build/AppsFlyer.build/Release-iphonesimulator/AppsFlyer.build/DerivedSources/i386 -I/Users/knemeth/Documents/GitHub/AppsFlyer/iphone/build/AppsFlyer.build/Release-iphonesimulator/AppsFlyer.build/DerivedSources -F/Users/knemeth/Documents/GitHub/AppsFlyer/iphone/build/Release-iphonesimulator -F/Users/knemeth/Library/Application\ Support/Titanium/mobilesdk/osx/8.3.0.GA/iphone/Frameworks -F/Users/knemeth/Documents/GitHub/AppsFlyer/iphone -DTI_POST_1_2 -include /Users/knemeth/Documents/GitHub/AppsFlyer/iphone/build/SharedPrecompiledHeaders/CoUkDevpulseAppsflyer_Prefix-cogkfkdaljrqxffzmvqnyskuxxao/CoUkDevpulseAppsflyer_Prefix.pch -MMD -MT dependencies -MF /Users/knemeth/Documents/GitHub/AppsFlyer/iphone/build/AppsFlyer.build/Release-iphonesimulator/AppsFlyer.build/Objects-normal/i386/CoUkDevpulseAppsflyerModuleAssets.d --serialize-diagnostics /Users/knemeth/Documents/GitHub/AppsFlyer/iphone/build/AppsFlyer.build/Release-iphonesimulator/AppsFlyer.build/Objects-normal/i386/CoUkDevpulseAppsflyerModuleAssets.dia -c /Users/knemeth/Documents/GitHub/AppsFlyer/iphone/Classes/CoUkDevpulseAppsflyerModuleAssets.m -o /Users/knemeth/Documents/GitHub/AppsFlyer/iphone/build/AppsFlyer.build/Release-iphonesimulator/AppsFlyer.build/Objects-normal/i386/CoUkDevpulseAppsflyerModuleAssets.o
[TRACE]  [xcode-sim] CompileC build/AppsFlyer.build/Release-iphonesimulator/AppsFlyer.build/Objects-normal/x86_64/CoUkDevpulseAppsflyerModule.o Classes/CoUkDevpulseAppsflyerModule.m normal x86_64 objective-c com.apple.compilers.llvm.clang.1_0.compiler
[TRACE]  [xcode-sim]     cd /Users/knemeth/Documents/GitHub/AppsFlyer/iphone
[TRACE]  [xcode-sim]     export LANG=en_US.US-ASCII
[TRACE]  [xcode-sim]     export PATH="/Applications/Xcode.app/Contents/Developer/Platforms/iPhoneSimulator.platform/Developer/usr/bin:/Applications/Xcode.app/Contents/Developer/usr/bin:/Library/Frameworks/Python.framework/Versions/3.8/bin:/usr/local/bin:/usr/bin:/bin:/usr/sbin:/sbin"
[TRACE]  [xcode-sim]     /Applications/Xcode.app/Contents/Developer/Toolchains/XcodeDefault.xctoolchain/usr/bin/clang -x objective-c -target x86_64-apple-ios8.0-simulator -fmessage-length=0 -fdiagnostics-show-note-include-stack -fmacro-backtrace-limit=0 -std=c99 -Wno-trigraphs -fpascal-strings -Os -fno-common -Wno-missing-field-initializers -Wno-missing-prototypes -Wno-return-type -Wunreachable-code -Wno-implicit-atomic-properties -Wno-objc-interface-ivars -Wno-arc-repeated-use-of-weak -Wduplicate-method-match -Wno-missing-braces -Wno-parentheses -Wswitch -Wunused-function -Wno-unused-label -Wno-unused-parameter -Wno-unused-variable -Wno-unused-value -Wempty-body -Wuninitialized -Wno-unknown-pragmas -Wno-shadow -Wno-four-char-constants -Wno-conversion -Wconstant-conversion -Wint-conversion -Wbool-conversion -Wenum-conversion -Wno-float-conversion -Wnon-literal-null-conversion -Wobjc-literal-conversion -Wshorten-64-to-32 -Wpointer-sign -Wno-newline-eof -Wno-selector -Wno-strict-selector-match -Wundeclared-selector -Wno-deprecated-implementations -DTI_VERSION= -DOBJC_OLD_DISPATCH_PROTOTYPES=0 -isysroot /Applications/Xcode.app/Contents/Developer/Platforms/iPhoneSimulator.platform/Developer/SDKs/iPhoneSimulator13.2.sdk -fasm-blocks -fstrict-aliasing -Wprotocol -Wdeprecated-declarations -g -Wno-sign-conversion -Winfinite-recursion -Wcomma -Wblock-capture-autoreleasing -Wstrict-prototypes -Wno-semicolon-before-method-body -fobjc-abi-version=2 -fobjc-legacy-dispatch -iquote /Users/knemeth/Documents/GitHub/AppsFlyer/iphone/build/AppsFlyer.build/Release-iphonesimulator/AppsFlyer.build/co.uk.devpulse.appsflyer-generated-files.hmap -I/Users/knemeth/Documents/GitHub/AppsFlyer/iphone/build/AppsFlyer.build/Release-iphonesimulator/AppsFlyer.build/co.uk.devpulse.appsflyer-own-target-headers.hmap -I/Users/knemeth/Documents/GitHub/AppsFlyer/iphone/build/AppsFlyer.build/Release-iphonesimulator/AppsFlyer.build/co.uk.devpulse.appsflyer-all-target-headers.hmap -iquote /Users/knemeth/Documents/GitHub/AppsFlyer/iphone/build/AppsFlyer.build/Release-iphonesimulator/AppsFlyer.build/co.uk.devpulse.appsflyer-project-headers.hmap -I/Users/knemeth/Documents/GitHub/AppsFlyer/iphone/build/Release-iphonesimulator/include -I/Users/knemeth/Library/Application\ Support/Titanium/mobilesdk/osx/8.3.0.GA/iphone/include -I/Users/knemeth/Library/Application\ Support/Titanium/mobilesdk/osx/8.3.0.GA/iphone/include/TiCore -I/Users/knemeth/Library/Application\ Support/Titanium/mobilesdk/osx/8.3.0.GA/iphone/include/JavaScriptCore -I/Users/knemeth/Documents/GitHub/AppsFlyer/iphone/build/AppsFlyer.build/Release-iphonesimulator/AppsFlyer.build/DerivedSources-normal/x86_64 -I/Users/knemeth/Documents/GitHub/AppsFlyer/iphone/build/AppsFlyer.build/Release-iphonesimulator/AppsFlyer.build/DerivedSources/x86_64 -I/Users/knemeth/Documents/GitHub/AppsFlyer/iphone/build/AppsFlyer.build/Release-iphonesimulator/AppsFlyer.build/DerivedSources -F/Users/knemeth/Documents/GitHub/AppsFlyer/iphone/build/Release-iphonesimulator -F/Users/knemeth/Library/Application\ Support/
[TRACE]  [xcode-sim] Titanium/mobilesdk/osx/8.3.0.GA/iphone/Frameworks -F/Users/knemeth/Documents/GitHub/AppsFlyer/iphone -DTI_POST_1_2 -include /Users/knemeth/Documents/GitHub/AppsFlyer/iphone/build/SharedPrecompiledHeaders/CoUkDevpulseAppsflyer_Prefix-bnmosdweifnhbiftbgxiqznzadvw/CoUkDevpulseAppsflyer_Prefix.pch -MMD -MT dependencies -MF /Users/knemeth/Documents/GitHub/AppsFlyer/iphone/build/AppsFlyer.build/Release-iphonesimulator/AppsFlyer.build/Objects-normal/x86_64/CoUkDevpulseAppsflyerModule.d --serialize-diagnostics /Users/knemeth/Documents/GitHub/AppsFlyer/iphone/build/AppsFlyer.build/Release-iphonesimulator/AppsFlyer.build/Objects-normal/x86_64/CoUkDevpulseAppsflyerModule.dia -c /Users/knemeth/Documents/GitHub/AppsFlyer/iphone/Classes/CoUkDevpulseAppsflyerModule.m -o /Users/knemeth/Documents/GitHub/AppsFlyer/iphone/build/AppsFlyer.build/Release-iphonesimulator/AppsFlyer.build/Objects-normal/x86_64/CoUkDevpulseAppsflyerModule.o
[TRACE]  [xcode-sim] In file included from /Users/knemeth/Documents/GitHub/AppsFlyer/iphone/Classes/CoUkDevpulseAppsflyerModule.m:12:
[TRACE]  [xcode-sim] /Users/knemeth/Documents/GitHub/AppsFlyer/iphone/AppsFlyerTracker.h:314:1: warning: no 'assign', 'retain', or 'copy' attribute is specified - 'assign' is assumed [-Wobjc-property-no-attribute]
[TRACE]  [xcode-sim] @property(nonatomic, nullable) NSArray<NSString *> *resolveDeepLinkURLs;
[TRACE]  [xcode-sim] ^
[TRACE]  [xcode-sim] /Users/knemeth/Documents/GitHub/AppsFlyer/iphone/AppsFlyerTracker.h:314:1: warning: default property attribute 'assign' not appropriate for object [-Wobjc-property-no-attribute]
[TRACE]  [xcode-sim] /Users/knemeth/Documents/GitHub/AppsFlyer/iphone/AppsFlyerTracker.h:325:1: warning: no 'assign', 'retain', or 'copy' attribute is specified - 'assign' is assumed [-Wobjc-property-no-attribute]
[TRACE]  [xcode-sim] @property(nonatomic, nullable) NSArray<NSString *> *oneLinkCustomDomains;
[TRACE]  [xcode-sim] ^
[TRACE]  [xcode-sim] /Users/knemeth/Documents/GitHub/AppsFlyer/iphone/AppsFlyerTracker.h:325:1: warning: default property attribute 'assign' not appropriate for object [-Wobjc-property-no-attribute]
[TRACE]  [xcode-sim] /Users/knemeth/Documents/GitHub/AppsFlyer/iphone/AppsFlyerTracker.h:330:1: warning: no 'assign', 'retain', or 'copy' attribute is specified - 'assign' is assumed [-Wobjc-property-no-attribute]
[TRACE]  [xcode-sim] @property(nonatomic, nullable) NSString *phoneNumber;
[TRACE]  [xcode-sim] ^
[TRACE]  [xcode-sim] /Users/knemeth/Documents/GitHub/AppsFlyer/iphone/AppsFlyerTracker.h:330:1: warning: default property attribute 'assign' not appropriate for object [-Wobjc-property-no-attribute]
[TRACE]  [xcode-sim] /Users/knemeth/Documents/GitHub/AppsFlyer/iphone/Classes/CoUkDevpulseAppsflyerModule.m:119:8: warning: incompatible integer to pointer conversion initializing 'id' with an expression of type 'BOOL' (aka 'bool') [-Wint-conversion]
[TRACE]  [xcode-sim]     id isDebug = [TiUtils boolValue:[args objectForKey:@"isDebug"] def:NO];
[TRACE]  [xcode-sim]        ^         ~~~~~~~~~~~~~~~~~~~~~~~~~~~~~~~~~~~~~~~~~~~~~~~~~~~~~~~~~
[TRACE]  [xcode-sim] 7 warnings generated.
[TRACE]  [xcode-sim] CompileC build/AppsFlyer.build/Release-iphonesimulator/AppsFlyer.build/Objects-normal/x86_64/CoUkDevpulseAppsflyerModuleAssets.o Classes/CoUkDevpulseAppsflyerModuleAssets.m normal x86_64 objective-c com.apple.compilers.llvm.clang.1_0.compiler
[TRACE]  [xcode-sim]     cd /Users/knemeth/Documents/GitHub/AppsFlyer/iphone
[TRACE]  [xcode-sim]     export LANG=en_US.US-ASCII
[TRACE]  [xcode-sim]     export PATH="/Applications/Xcode.app/Contents/Developer/Platforms/iPhoneSimulator.platform/Developer/usr/bin:/Applications/Xcode.app/Contents/Developer/usr/bin:/Library/Frameworks/Python.framework/Versions/3.8/bin:/usr/local/bin:/usr/bin:/bin:/usr/sbin:/sbin"
[TRACE]  [xcode-sim]     /Applications/Xcode.app/Contents/Developer/Toolchains/XcodeDefault.xctoolchain/usr/bin/clang -x objective-c -target x86_64-apple-ios8.0-simulator -fmessage-length=0 -fdiagnostics-show-note-include-stack -fmacro-backtrace-limit=0 -std=c99 -Wno-trigraphs -fpascal-strings -Os -fno-common -Wno-missing-field-initializers -Wno-missing-prototypes -Wno-return-type -Wunreachable-code -Wno-implicit-atomic-properties -Wno-objc-interface-ivars -Wno-arc-repeated-use-of-weak -Wduplicate-method-match -Wno-missing-braces -Wno-parentheses -Wswitch -Wunused-function -Wno-unused-label -Wno-unused-parameter -Wno-unused-variable -Wno-unused-value -Wempty-body -Wuninitialized -Wno-unknown-pragmas -Wno-shadow -Wno-four-char-constants -Wno-conversion -Wconstant-conversion -Wint-conversion -Wbool-conversion -Wenum-conversion -Wno-float-conversion -Wnon-literal-null-conversion -Wobjc-literal-conversion -Wshorten-64-to-32 -Wpointer-sign -Wno-newline-eof -Wno-selector -Wno-strict-selector-match -Wundeclared-selector -Wno-deprecated-implementations -DTI_VERSION= -DOBJC_OLD_DISPATCH_PROTOTYPES=0 -isysroot /Applications/Xcode.app/Contents/Developer/Platforms/iPhoneSimulator.platform/Developer/SDKs/iPhoneSimulator13.2.sdk -fasm-blocks -fstrict-aliasing -Wprotocol -Wdeprecated-declarations -g -Wno-sign-conversion -Winfinite-recursion -Wcomma -Wblock-capture-autoreleasing -Wstrict-prototypes -Wno-semicolon-before-method-body -fobjc-abi-version=2 -fobjc-legacy-dispatch -iquote /Users/knemeth/Documents/GitHub/AppsFlyer/iphone/build/AppsFlyer.build/Release-iphonesimulator/AppsFlyer.build/co.uk.devpulse.appsflyer-generated-files.hmap -I/Users/knemeth/Documents/GitHub/AppsFlyer/iphone/build/AppsFlyer.build/Release-iphonesimulator/AppsFlyer.build/co.uk.devpulse.appsflyer-own-target-headers.hmap -I/Users/knemeth/Documents/GitHub/AppsFlyer/iphone/build/AppsFlyer.build/Release-iphonesimulator/AppsFlyer.build/co.uk.devpulse.appsflyer-all-target-headers.hmap -iquote /Users/knemeth/Documents/GitHub/AppsFlyer/iphone/build/AppsFlyer.build/Release-iphonesimulator/AppsFlyer.build/co.uk.devpulse.appsflyer-project-headers.hmap -I/Users/knemeth/Documents/GitHub/AppsFlyer/iphone/build/Release-iphonesimulator/include -I/Users/knemeth/Library/Application\ Support/Titanium/mobilesdk/osx/8.3.0.GA/iphone/include -I/Users/knemeth/Library/Application\ Support/Titanium/mobilesdk/osx/8.3.0.GA/iphone/include/TiCore -I/Users/knemeth/Library/Application\ Support/Titanium/mobilesdk/osx/8.3.0.GA/iphone/include/JavaScriptCore -I/Users/knemeth/Documents/GitHub/AppsFlyer/iphone/build/AppsFlyer.build/Release-iphonesimulator/AppsFlyer.build/DerivedSources-normal/x86_64 -I/Users/knemeth/Documents/GitHub/AppsFlyer/iphone/build/AppsFlyer.build/Release-iphonesimulator/AppsFlyer.build/DerivedSources/x86_64 -I/Users/knemeth/Documents/GitHub/AppsFlyer/iphone/build/AppsFlyer.build/Release-iphonesimulator/AppsFlyer.build/DerivedSources -F/Users/knemeth/Documents/GitHub/AppsFlyer/iphone/build/Release-iphonesimulator -F/Users/knemeth/Library/Application\ Support/Titanium/mobilesdk/osx/8.3.0.GA/iphone/Frameworks -F/Users/knemeth/Documents/GitHub/AppsFlyer/iphone -DTI_POST_1_2 -include /Users/knemeth/Documents/GitHub/AppsFlyer/iphone/build/SharedPrecompiledHeaders/CoUkDevpulseAppsflyer_Prefix-bnmosdweifnhbiftbgxiqznzadvw/CoUkDevpulseAppsflyer_Prefix.pch -MMD -MT dependencies -MF /Users/knemeth/Documents/GitHub/AppsFlyer/iphone/build/AppsFlyer.build/Release-iphonesimulator/AppsFlyer.build/Objects-normal/x86_64/CoUkDevpulseAppsflyerModuleAssets.d --serialize-diagnostics /Users/knemeth/Documents/GitHub/AppsFlyer/iphone/build/AppsFlyer.build/Release-iphonesimulator/AppsFlyer.build/Objects-normal/x86_64/CoUkDevpulseAppsflyerModuleAssets.dia -c /Users/knemeth/Documents/GitHub/AppsFlyer/iphone/Classes/CoUkDevpulseAppsflyerModuleAssets.m -o /Users/knemeth/Documents/GitHub/AppsFlyer/iphone/build/AppsFlyer.build/Release-iphonesimulator/AppsFlyer.build/Objects-normal/x86_64/CoUkDevpulseAppsflyerModuleAssets.o
[TRACE]  [xcode-sim] Libtool build/AppsFlyer.build/Release-iphonesimulator/AppsFlyer.build/Objects-normal/x86_64/libco.uk.devpulse.appsflyer.a normal x86_64
[TRACE]  [xcode-sim]     cd /Users/knemeth/Documents/GitHub/AppsFlyer/iphone
[TRACE]  [xcode-sim]     export IPHONEOS_DEPLOYMENT_TARGET=8.0
[TRACE]  [xcode-sim]     export PATH="/Applications/Xcode.app/Contents/Developer/Platforms/iPhoneSimulator.platform/Developer/usr/bin:/Applications/Xcode.app/Contents/Developer/usr/bin:/Library/Frameworks/Python.framework/Versions/3.8/bin:/usr/local/bin:/usr/bin:/bin:/usr/sbin:/sbin"
[TRACE]  [xcode-sim]     /Applications/Xcode.app/Contents/Developer/Toolchains/XcodeDefault.xctoolchain/usr/bin/libtool -static -arch_only x86_64 -D -syslibroot /Applications/Xcode.app/Contents/Developer/Platforms/iPhoneSimulator.platform/Developer/SDKs/iPhoneSimulator13.2.sdk -L/Users/knemeth/Documents/GitHub/AppsFlyer/iphone/build/Release-iphonesimulator -L/Users/knemeth/Documents/GitHub/AppsFlyer/iphone/platform -L/Users/knemeth/Documents/GitHub/AppsFlyer/iphone -filelist /Users/knemeth/Documents/GitHub/AppsFlyer/iphone/build/AppsFlyer.build/Release-iphonesimulator/AppsFlyer.build/Objects-normal/x86_64/co.uk.devpulse.appsflyer.LinkFileList -lAppsFlyerLib -framework iAd -framework Foundation -framework AdSupport -o /Users/knemeth/Documents/GitHub/AppsFlyer/iphone/build/AppsFlyer.build/Release-iphonesimulator/AppsFlyer.build/Objects-normal/x86_64/libco.uk.devpulse.appsflyer.a
[TRACE]  [xcode-sim] Libtool build/AppsFlyer.build/Release-iphonesimulator/AppsFlyer.build/Objects-normal/i386/libco.uk.devpulse.appsflyer.a normal i386
[TRACE]  [xcode-sim]     cd /Users/knemeth/Documents/GitHub/AppsFlyer/iphone
[TRACE]  [xcode-sim]     export IPHONEOS_DEPLOYMENT_TARGET=8.0
[TRACE]  [xcode-sim]     export PATH="/Applications/Xcode.app/Contents/Developer/Platforms/iPhoneSimulator.platform/Developer/usr/bin:/Applications/Xcode.app/Contents/Developer/usr/bin:/Library/Frameworks/Python.framework/Versions/3.8/bin:/usr/local/bin:/usr/bin:/bin:/usr/sbin:/sbin"
[TRACE]  [xcode-sim]     /Applications/Xcode.app/Contents/Developer/Toolchains/XcodeDefault.xctoolchain/usr/bin/libtool -static -arch_only i386 -D -syslibroot /Applications/Xcode.app/Contents/Developer/Platforms/iPhoneSimulator.platform/Developer/SDKs/iPhoneSimulator13.2.sdk -L/Users/knemeth/Documents/GitHub/AppsFlyer/iphone/build/Release-iphonesimulator -L/Users/knemeth/Documents/GitHub/AppsFlyer/iphone/platform -L/Users/knemeth/Documents/GitHub/AppsFlyer/iphone -filelist /Users/knemeth/Documents/GitHub/AppsFlyer/iphone/build/AppsFlyer.build/Release-iphonesimulator/AppsFlyer.build/Objects-normal/i386/co.uk.devpulse.appsflyer.LinkFileList -lAppsFlyerLib -framework iAd -framework Foundation -framework AdSupport -o /Users/knemeth/Documents/GitHub/AppsFlyer/iphone/build/AppsFlyer.build/Release-iphonesimulator/AppsFlyer.build/Objects-normal/i386/libco.uk.devpulse.appsflyer.a
[TRACE]  [xcode-sim] CreateUniversalBinary build/Release-iphonesimulator/libco.uk.devpulse.appsflyer.a normal i386\ x86_64
[TRACE]  [xcode-sim]     cd /Users/knemeth/Documents/GitHub/AppsFlyer/iphone
[TRACE]  [xcode-sim]     export PATH="/Applications/Xcode.app/Contents/Developer/Platforms/iPhoneSimulator.platform/Developer/usr/bin:/Applications/Xcode.app/Contents/Developer/usr/bin:/Library/Frameworks/Python.framework/Versions/3.8/bin:/usr/local/bin:/usr/bin:/bin:/usr/sbin:/sbin"
[TRACE]  [xcode-sim]     /Applications/Xcode.app/Contents/Developer/Toolchains/XcodeDefault.xctoolchain/usr/bin/libtool -static /Users/knemeth/Documents/GitHub/AppsFlyer/iphone/build/AppsFlyer.build/Release-iphonesimulator/AppsFlyer.build/Objects-normal/i386/libco.uk.devpulse.appsflyer.a /Users/knemeth/Documents/GitHub/AppsFlyer/iphone/build/AppsFlyer.build/Release-iphonesimulator/AppsFlyer.build/Objects-normal/x86_64/libco.uk.devpulse.appsflyer.a -o /Users/knemeth/Documents/GitHub/AppsFlyer/iphone/build/Release-iphonesimulator/libco.uk.devpulse.appsflyer.a
[TRACE]  [xcode-sim] ** BUILD SUCCEEDED **
[DEBUG]  Running: DEVELOPER_DIR=/Applications/Xcode.app/Contents/Developer /Applications/Xcode.app/Contents/Developer/usr/bin/xcodebuild -configuration Release -sdk iphoneos -UseNewBuildSystem=NO ONLY_ACTIVE_ARCH=NO clean build
[TRACE]  [xcode-dist] User defaults from command line:
[TRACE]  [xcode-dist]     UseNewBuildSystem = NO
[TRACE]  [xcode-dist] Build settings from command line:
[TRACE]  [xcode-dist]     ONLY_ACTIVE_ARCH = NO
[TRACE]  [xcode-dist]     SDKROOT = iphoneos13.2
[TRACE]  [xcode-dist] Prepare build
[TRACE]  [xcode-dist] note: Using legacy build system
[TRACE]  [xcode-dist] === CLEAN TARGET AppsFlyer OF PROJECT AppsFlyer WITH CONFIGURATION Release ===
[TRACE]  [xcode-dist] Check dependencies
[TRACE]  [xcode-dist] Clean.Remove clean build/AppsFlyer.build/Release-iphoneos/AppsFlyer.build
[TRACE]  [xcode-dist]     builtin-rm -rf /Users/knemeth/Documents/GitHub/AppsFlyer/iphone/build/AppsFlyer.build/Release-iphoneos/AppsFlyer.build
[TRACE]  [xcode-dist] Clean.Remove clean build/SharedPrecompiledHeaders/CoUkDevpulseAppsflyer_Prefix-aejwxmubmtjtnpdyxmmqxmlcqlwn/CoUkDevpulseAppsflyer_Prefix.pch.pch
[TRACE]  [xcode-dist]     builtin-rm -rf /Users/knemeth/Documents/GitHub/AppsFlyer/iphone/build/SharedPrecompiledHeaders/CoUkDevpulseAppsflyer_Prefix-aejwxmubmtjtnpdyxmmqxmlcqlwn/CoUkDevpulseAppsflyer_Prefix.pch.pch
[TRACE]  [xcode-dist] Clean.Remove clean build/Release-iphoneos/libco.uk.devpulse.appsflyer.a
[TRACE]  [xcode-dist]     builtin-rm -rf /Users/knemeth/Documents/GitHub/AppsFlyer/iphone/build/Release-iphoneos/libco.uk.devpulse.appsflyer.a
[TRACE]  [xcode-dist] Clean.Remove clean build/SharedPrecompiledHeaders/CoUkDevpulseAppsflyer_Prefix-gtqbpdhwdpxpqrcpfrddsjxxzyoj/CoUkDevpulseAppsflyer_Prefix.pch.pch
[TRACE]  [xcode-dist]     builtin-rm -rf /Users/knemeth/Documents/GitHub/AppsFlyer/iphone/build/SharedPrecompiledHeaders/CoUkDevpulseAppsflyer_Prefix-gtqbpdhwdpxpqrcpfrddsjxxzyoj/CoUkDevpulseAppsflyer_Prefix.pch.pch
[TRACE]  [xcode-dist] ** CLEAN SUCCEEDED **
[TRACE]  [xcode-dist] Prepare build
[TRACE]  [xcode-dist] note: Using legacy build system
[TRACE]  [xcode-dist] === BUILD TARGET AppsFlyer OF PROJECT AppsFlyer WITH CONFIGURATION Release ===
[TRACE]  [xcode-dist] Check dependencies
[TRACE]  [xcode-dist] Write auxiliary files
[TRACE]  [xcode-dist] write-file /Users/knemeth/Documents/GitHub/AppsFlyer/iphone/build/AppsFlyer.build/Release-iphoneos/AppsFlyer.build/co.uk.devpulse.appsflyer-generated-files.hmap
[TRACE]  [xcode-dist] write-file /Users/knemeth/Documents/GitHub/AppsFlyer/iphone/build/AppsFlyer.build/Release-iphoneos/AppsFlyer.build/co.uk.devpulse.appsflyer.hmap
[TRACE]  [xcode-dist] write-file /Users/knemeth/Documents/GitHub/AppsFlyer/iphone/build/AppsFlyer.build/Release-iphoneos/AppsFlyer.build/co.uk.devpulse.appsflyer-all-non-framework-target-headers.hmap
[TRACE]  [xcode-dist] write-file /Users/knemeth/Documents/GitHub/AppsFlyer/iphone/build/AppsFlyer.build/Release-iphoneos/AppsFlyer.build/co.uk.devpulse.appsflyer-project-headers.hmap
[TRACE]  [xcode-dist] /bin/mkdir -p /Users/knemeth/Documents/GitHub/AppsFlyer/iphone/build/SharedPrecompiledHeaders/CoUkDevpulseAppsflyer_Prefix-gtqbpdhwdpxpqrcpfrddsjxxzyoj
[TRACE]  [xcode-dist] write-file /Users/knemeth/Documents/GitHub/AppsFlyer/iphone/build/SharedPrecompiledHeaders/CoUkDevpulseAppsflyer_Prefix-gtqbpdhwdpxpqrcpfrddsjxxzyoj/CoUkDevpulseAppsflyer_Prefix.pch.pch.hash-criteria
[TRACE]  [xcode-dist] write-file /Users/knemeth/Documents/GitHub/AppsFlyer/iphone/build/AppsFlyer.build/Release-iphoneos/AppsFlyer.build/co.uk.devpulse.appsflyer-all-target-headers.hmap
[TRACE]  [xcode-dist] /bin/mkdir -p /Users/knemeth/Documents/GitHub/AppsFlyer/iphone/build/AppsFlyer.build/Release-iphoneos/AppsFlyer.build/Objects-normal/armv7
[TRACE]  [xcode-dist] write-file /Users/knemeth/Documents/GitHub/AppsFlyer/iphone/build/AppsFlyer.build/Release-iphoneos/AppsFlyer.build/Objects-normal/armv7/co.uk.devpulse.appsflyer.LinkFileList
[TRACE]  [xcode-dist] /bin/mkdir -p /Users/knemeth/Documents/GitHub/AppsFlyer/iphone/build/SharedPrecompiledHeaders/CoUkDevpulseAppsflyer_Prefix-aejwxmubmtjtnpdyxmmqxmlcqlwn
[TRACE]  [xcode-dist] write-file /Users/knemeth/Documents/GitHub/AppsFlyer/iphone/build/SharedPrecompiledHeaders/CoUkDevpulseAppsflyer_Prefix-aejwxmubmtjtnpdyxmmqxmlcqlwn/CoUkDevpulseAppsflyer_Prefix.pch.pch.hash-criteria
[TRACE]  [xcode-dist] /bin/mkdir -p /Users/knemeth/Documents/GitHub/AppsFlyer/iphone/build/AppsFlyer.build/Release-iphoneos/AppsFlyer.build/Objects-normal/arm64
[TRACE]  [xcode-dist] write-file /Users/knemeth/Documents/GitHub/AppsFlyer/iphone/build/AppsFlyer.build/Release-iphoneos/AppsFlyer.build/Objects-normal/arm64/co.uk.devpulse.appsflyer.LinkFileList
[TRACE]  [xcode-dist] write-file /Users/knemeth/Documents/GitHub/AppsFlyer/iphone/build/AppsFlyer.build/Release-iphoneos/AppsFlyer.build/co.uk.devpulse.appsflyer-own-target-headers.hmap
[TRACE]  [xcode-dist] ProcessPCH build/SharedPrecompiledHeaders/CoUkDevpulseAppsflyer_Prefix-aejwxmubmtjtnpdyxmmqxmlcqlwn/CoUkDevpulseAppsflyer_Prefix.pch.pch CoUkDevpulseAppsflyer_Prefix.pch normal arm64 objective-c com.apple.compilers.llvm.clang.1_0.compiler
[TRACE]  [xcode-dist]     cd /Users/knemeth/Documents/GitHub/AppsFlyer/iphone
[TRACE]  [xcode-dist]     export LANG=en_US.US-ASCII
[TRACE]  [xcode-dist]     export PATH="/Applications/Xcode.app/Contents/Developer/Platforms/iPhoneOS.platform/Developer/usr/bin:/Applications/Xcode.app/Contents/Developer/usr/bin:/Library/Frameworks/Python.framework/Versions/3.8/bin:/usr/local/bin:/usr/bin:/bin:/usr/sbin:/sbin"
[TRACE]  [xcode-dist]     /Applications/Xcode.app/Contents/Developer/Toolchains/XcodeDefault.xctoolchain/usr/bin/clang -x objective-c-header -target arm64-apple-ios8.0 -fmessage-length=0 -fdiagnostics-show-note-include-stack -fmacro-backtrace-limit=0 -std=c99 -Wno-trigraphs -fpascal-strings -Os -fno-common -Wno-missing-field-initializers -Wno-missing-prototypes -Wno-return-type -Wunreachable-code -Wno-implicit-atomic-properties -Wno-objc-interface-ivars -Wno-arc-repeated-use-of-weak -Wduplicate-method-match -Wno-missing-braces -Wno-parentheses -Wswitch -Wunused-function -Wno-unused-label -Wno-unused-parameter -Wno-unused-variable -Wno-unused-value -Wempty-body -Wuninitialized -Wno-unknown-pragmas -Wno-shadow -Wno-four-char-constants -Wno-conversion -Wconstant-conversion -Wint-conversion -Wbool-conversion -Wenum-conversion -Wno-float-conversion -Wnon-literal-null-conversion -Wobjc-literal-conversion -Wshorten-64-to-32 -Wpointer-sign -Wno-newline-eof -Wno-selector -Wno-strict-selector-match -Wundeclared-selector -Wno-deprecated-implementations -DTI_VERSION= -DOBJC_OLD_DISPATCH_PROTOTYPES=0 -isysroot /Applications/Xcode.app/Contents/Developer/Platforms/iPhoneOS.platform/Developer/SDKs/iPhoneOS13.2.sdk -fstrict-aliasing -Wprotocol -Wdeprecated-declarations -g -Wno-sign-conversion -Winfinite-recursion -Wcomma -Wblock-capture-autoreleasing -Wstrict-prototypes -Wno-semicolon-before-method-body -fembed-bitcode-marker -iquote /Users/knemeth/Documents/GitHub/AppsFlyer/iphone/build/AppsFlyer.build/Release-iphoneos/AppsFlyer.build/co.uk.devpulse.appsflyer-generated-files.hmap -I/Users/knemeth/Documents/GitHub/AppsFlyer/iphone/build/AppsFlyer.build/Release-iphoneos/AppsFlyer.build/co.uk.devpulse.appsflyer-own-target-headers.hmap -I/Users/knemeth/Documents/GitHub/AppsFlyer/iphone/build/AppsFlyer.build/Release-iphoneos/AppsFlyer.build/co.uk.devpulse.appsflyer-all-target-headers.hmap -iquote /Users/knemeth/Documents/GitHub/AppsFlyer/iphone/build/AppsFlyer.build/Release-iphoneos/AppsFlyer.build/co.uk.devpulse.appsflyer-project-headers.hmap -I/Users/knemeth/Documents/GitHub/AppsFlyer/iphone/build/Release-iphoneos/include -I/Users/knemeth/Library/Application\ Support/Titanium/mobilesdk/osx/8.3.0.GA/iphone/include -I/Users/knemeth/Library/Application\ Support/Titanium/mobilesdk/osx/8.3.0.GA/iphone/include/TiCore -I/Users/knemeth/Library/Application\ Support/Titanium/mobilesdk/osx/8.3.0.GA/iphone/include/JavaScriptCore -I/Users/knemeth/Documents/GitHub/AppsFlyer/iphone/build/AppsFlyer.build/Release-iphoneos/AppsFlyer.build/DerivedSources-normal/arm64 -I/Users/knemeth/Documents/GitHub/AppsFlyer/iphone/build/AppsFlyer.build/Release-iphoneos/AppsFlyer.build/DerivedSources/arm64 -I/Users/knemeth/Documents/GitHub/AppsFlyer/iphone/build/AppsFlyer.build/Release-iphoneos/AppsFlyer.build/DerivedSources -F/Users/knemeth/Documents/GitHub/AppsFlyer/iphone/build/Release-iphoneos -F/Users/knemeth/Library/Application\ Support/Titanium/mobilesdk/osx/8.3.0.GA/iphone/Frameworks -F/Users/knemeth/Documents/GitHub/AppsFlyer/iphone -DTI_POST_1_2 -MD -MT dependencies -MF /Users/knemeth/Documents/GitHub/AppsFlyer/iphone/build/SharedPrecompiledHeaders/CoUkDevpulseAppsflyer_Prefix-aejwxmubmtjtnpdyxmmqxmlcqlwn/CoUkDevpulseAppsflyer_Prefix.pch.d -c /Users/knemeth/Documents/GitHub/AppsFlyer/iphone/CoUkDevpulseAppsflyer_Prefix.pch -o /Users/knemeth/Documents/GitHub/AppsFlyer/iphone/build/SharedPrecompiledHeaders/CoUkDevpulseAppsflyer_Prefix-aejwxmubmtjtnpdyxmmqxmlcqlwn/CoUkDevpulseAppsflyer_Prefix.pch.pch --serialize-diagnostics /Users/knemeth/Documents/GitHub/AppsFlyer/iphone/build/SharedPrecompiledHeaders/CoUkDevpulseAppsflyer_Prefix-aejwxmubmtjtnpdyxmmqxmlcqlwn/CoUkDevpulseAppsflyer_Prefix.pch.dia
[TRACE]  [xcode-dist] ProcessPCH build/SharedPrecompiledHeaders/CoUkDevpulseAppsflyer_Prefix-gtqbpdhwdpxpqrcpfrddsjxxzyoj/CoUkDevpulseAppsflyer_Prefix.pch.pch CoUkDevpulseAppsflyer_Prefix.pch normal armv7 objective-c com.apple.compilers.llvm.clang.1_0.compiler
[TRACE]  [xcode-dist]     cd /Users/knemeth/Documents/GitHub/AppsFlyer/iphone
[TRACE]  [xcode-dist]     export LANG=en_US.US-ASCII
[TRACE]  [xcode-dist]     export PATH="/Applications/Xcode.app/Contents/Developer/Platforms/iPhoneOS.platform/Developer/usr/bin:/Applications/Xcode.app/Contents/Developer/usr/bin:/Library/Frameworks/Python.framework/Versions/3.8/bin:/usr/local/bin:/usr/bin:/bin:/usr/sbin:/sbin"
[TRACE]  [xcode-dist]     /Applications/Xcode.app/Contents/Developer/Toolchains/XcodeDefault.xctoolchain/usr/bin/clang -x objective-c-header -target armv7-apple-ios8.0 -fmessage-length=0 -fdiagnostics-show-note-include-stack -fmacro-backtrace-limit=0 -std=c99 -Wno-trigraphs -fpascal-strings -Os -fno-common -Wno-missing-field-initializers -Wno-missing-prototypes -Wno-return-type -Wunreachable-code -Wno-implicit-atomic-properties -Wno-objc-interface-ivars -Wno-arc-repeated-use-of-weak -Wduplicate-method-match -Wno-missing-braces -Wno-parentheses -Wswitch -Wunused-function -Wno-unused-label -Wno-unused-parameter -Wno-unused-variable -Wno-unused-value -Wempty-body -Wuninitialized -Wno-unknown-pragmas -Wno-shadow -Wno-four-char-constants -Wno-conversion -Wconstant-conversion -Wint-conversion -Wbool-conversion -Wenum-conversion -Wno-float-conversion -Wnon-literal-null-conversion -Wobjc-literal-conversion -Wshorten-64-to-32 -Wpointer-sign -Wno-newline-eof -Wno-selector -Wno-strict-selector-match -Wundeclared-selector -Wno-deprecated-implementations -DTI_VERSION= -DOBJC_OLD_DISPATCH_PROTOTYPES=0 -isysroot /Applications/Xcode.app/Contents/Developer/Platforms/iPhoneOS.platform/Developer/SDKs/iPhoneOS13.2.sdk -fstrict-aliasing -Wprotocol -Wdeprecated-declarations -g -Wno-sign-conversion -Winfinite-recursion -Wcomma -Wblock-capture-autoreleasing -Wstrict-prototypes -Wno-semicolon-before-method-body -fembed-bitcode-marker -iquote /Users/knemeth/Documents/GitHub/AppsFlyer/iphone/build/AppsFlyer.build/Release-iphoneos/AppsFlyer.build/co.uk.devpulse.appsflyer-generated-files.hmap -I/Users/knemeth/Documents/GitHub/AppsFlyer/iphone/build/AppsFlyer.build/Release-iphoneos/AppsFlyer.build/co.uk.devpulse.appsflyer-own-target-headers.hmap -I/Users/knemeth/Documents/GitHub/AppsFlyer/iphone/build/AppsFlyer.build/Release-iphoneos/AppsFlyer.build/co.uk.devpulse.appsflyer-all-target-headers.hmap -iquote /Users/knemeth/Documents/GitHub/AppsFlyer/iphone/build/AppsFlyer.build/Release-iphoneos/AppsFlyer.build/co.uk.devpulse.appsflyer-project-headers.hmap -I/Users/knemeth/Documents/GitHub/AppsFlyer/iphone/build/Release-iphoneos/include -I/Users/knemeth/Library/Application\ Support/Titanium/mobilesdk/osx/8.3.0.GA/iphone/include -I/Users/knemeth/Library/Application\ Support/Titanium/mobilesdk/osx/8.3.0.GA/iphone/include/TiCore -I/Users/knemeth/Library/Application\ Support/Titanium/mobilesdk/osx/8.3.0.GA/iphone/include/JavaScriptCore -I/Users/knemeth/Documents/GitHub/AppsFlyer/iphone/build/AppsFlyer.build/Release-iphoneos/AppsFlyer.build/DerivedSources-normal/armv7 -I/Users/knemeth/Documents/GitHub/AppsFlyer/iphone/build/AppsFlyer.build/Release-iphoneos/AppsFlyer.build/DerivedSources/armv7 -I/Users/knemeth/Documents/GitHub/AppsFlyer/iphone/build/AppsFlyer.build/Release-iphoneos/AppsFlyer.build/DerivedSources -F/Users/knemeth/Documents/GitHub/AppsFlyer/iphone/build/Release-iphoneos -F/Users/knemeth/Library/Application\ Support/Titanium/mobilesdk/osx/8.3.0.GA/iphone/Frameworks -F/Users/knemeth/Documents/GitHub/AppsFlyer/iphone -DTI_POST_1_2 -MD -MT dependencies -MF /Users/knemeth/Documents/GitHub/AppsFlyer/iphone/build/SharedPrecompiledHeaders/CoUkDevpulseAppsflyer_Prefix-gtqbpdhwdpxpqrcpfrddsjxxzyoj/CoUkDevpulseAppsflyer_Prefix.pch.d -c /Users/knemeth/Documents/GitHub/AppsFlyer/iphone/CoUkDevpulseAppsflyer_Prefix.pch -o /Users/knemeth/Documents/GitHub/AppsFlyer/iphone/build/SharedPrecompiledHeaders/CoUkDevpulseAppsflyer_Prefix-gtqbpdhwdpxpqrcpfrddsjxxzyoj/CoUkDevpulseAppsflyer_Prefix.pch.pch --serialize-diagnostics /Users/knemeth/Documents/GitHub/AppsFlyer/iphone/build/SharedPrecompiledHeaders/CoUkDevpulseAppsflyer_Prefix-gtqbpdhwdpxpqrcpfrddsjxxzyoj/CoUkDevpulseAppsflyer_Prefix.pch.dia
[TRACE]  [xcode-dist] CompileC build/AppsFlyer.build/Release-iphoneos/AppsFlyer.build/Objects-normal/armv7/CoUkDevpulseAppsflyerModule.o Classes/CoUkDevpulseAppsflyerModule.m normal armv7 objective-c com.apple.compilers.llvm.clang.1_0.compiler
[TRACE]  [xcode-dist]     cd /Users/knemeth/Documents/GitHub/AppsFlyer/iphone
[TRACE]  [xcode-dist]     export LANG=en_US.US-ASCII
[TRACE]  [xcode-dist]     export PATH="/Applications/Xcode.app/Contents/Developer/Platforms/iPhoneOS.platform/Developer/usr/bin:/Applications/Xcode.app/Contents/Developer/usr/bin:/Library/Frameworks/Python.framework/Versions/3.8/bin:/usr/local/bin:/usr/bin:/bin:/usr/sbin:/sbin"
[TRACE]  [xcode-dist]     /Applications/Xcode.app/Contents/Developer/Toolchains/XcodeDefault.xctoolchain/usr/bin/clang -x objective-c -target armv7-apple-ios8.0 -fmessage-length=0 -fdiagnostics-show-note-include-stack -fmacro-backtrace-limit=0 -std=c99 -Wno-trigraphs -fpascal-strings -Os -fno-common -Wno-missing-field-initializers -Wno-missing-prototypes -Wno-return-type -Wunreachable-code -Wno-implicit-atomic-properties -Wno-objc-interface-ivars -Wno-arc-repeated-use-of-weak -Wduplicate-method-match -Wno-missing-braces -Wno-parentheses -Wswitch -Wunused-function -Wno-unused-label -Wno-unused-parameter -Wno-unused-variable -Wno-unused-value -Wempty-body -Wuninitialized -Wno-unknown-pragmas -Wno-shadow -Wno-four-char-constants -Wno-conversion -Wconstant-conversion -Wint-conversion -Wbool-conversion -Wenum-conversion -Wno-float-conversion -Wnon-literal-null-conversion -Wobjc-literal-conversion -Wshorten-64-to-32 -Wpointer-sign -Wno-newline-eof -Wno-selector -Wno-strict-selector-match -Wundeclared-selector -Wno-deprecated-implementations -DTI_VERSION= -DOBJC_OLD_DISPATCH_PROTOTYPES=0 -isysroot /Applications/Xcode.app/Contents/Developer/Platforms/iPhoneOS.platform/Developer/SDKs/iPhoneOS13.2.sdk -fstrict-aliasing -Wprotocol -Wdeprecated-declarations -g -Wno-sign-conversion -Winfinite-recursion -Wcomma -Wblock-capture-autoreleasing -Wstrict-prototypes -Wno-semicolon-before-method-body -fembed-bitcode-marker -iquote /Users/knemeth/Documents/GitHub/AppsFlyer/iphone/build/AppsFlyer.build/Release-iphoneos/AppsFlyer.build/co.uk.devpulse.appsflyer-generated-files.hmap -I/Users/knemeth/Documents/GitHub/AppsFlyer/iphone/build/AppsFlyer.build/Release-iphoneos/AppsFlyer.build/co.uk.devpulse.appsflyer-own-target-headers.hmap -I/Users/knemeth/Documents/GitHub/AppsFlyer/iphone/build/AppsFlyer.build/Release-iphoneos/AppsFlyer.build/co.uk.devpulse.appsflyer-all-target-headers.hmap -iquote /Users/knemeth/Documents/GitHub/AppsFlyer/iphone/build/AppsFlyer.build/Release-iphoneos/AppsFlyer.build/co.uk.devpulse.appsflyer-project-headers.hmap -I/Users/knemeth/Documents/GitHub/AppsFlyer/iphone/build/Release-iphoneos/include -I/Users/knemeth/Library/Application\ Support/Titanium/mobilesdk/osx/8.3.0.GA/iphone/include -I/Users/knemeth/Library/Application\ Support/Titanium/mobilesdk/osx/8.3.0.GA/iphone/include/TiCore -I/Users/knemeth/Library/Application\ Support/Titanium/mobilesdk/osx/8.3.0.GA/iphone/include/JavaScriptCore -I/Users/knemeth/Documents/GitHub/AppsFlyer/iphone/build/AppsFlyer.build/Release-iphoneos/AppsFlyer.build/DerivedSources-normal/armv7 -I/Users/knemeth/Documents/GitHub/AppsFlyer/iphone/build/AppsFlyer.build/Release-iphoneos/AppsFlyer.build/DerivedSources/armv7 -I/Users/knemeth/Documents/GitHub/AppsFlyer/iphone/build/AppsFlyer.build/Release-iphoneos/AppsFlyer.build/DerivedSources -F/Users/knemeth/Documents/GitHub/AppsFlyer/iphone/build/Release-iphoneos -F/Users/knemeth/Library/Application\ Support/Titanium/mobilesdk/osx/8.3.0.GA/iphone/Frameworks -F/Users/knemeth/Documents/GitHub/AppsFlyer/iphone -DTI_POST_1_2 -include /Users/knemeth/Documents/GitHub/AppsFlyer/iphone/build/SharedPrecompiledHeaders/CoUkDevpulseAppsflyer_Prefix-gtqbpdhwdpxpqrcpfrddsjxxzyoj/CoUkDevpulseAppsflyer_Prefix.pch -MMD -MT dependencies -MF /Users/knemeth/Documents/GitHub/AppsFlyer/iphone/build/AppsFlyer.build/Release-iphoneos/AppsFlyer.build/Objects-normal/armv7/CoUkDevpulseAppsflyerModule.d --serialize-diagnostics /Users/knemeth/Documents/GitHub/AppsFlyer/iphone/build/AppsFlyer.build/Release-iphoneos/AppsFlyer.build/Objects-normal/armv7/CoUkDevpulseAppsflyerModule.dia -c /Users/knemeth/Documents/GitHub/AppsFlyer/iphone/Classes/CoUkDevpulseAppsflyerModule.m -o /Users/knemeth/Documents/GitHub/AppsFlyer/iphone/build/AppsFlyer.build/Release-iphoneos/AppsFlyer.build/Objects-normal/armv7/CoUkDevpulseAppsflyerModule.o
[TRACE]  [xcode-dist] In file included from /Users/knemeth/Documents/GitHub/AppsFlyer/iphone/Classes/CoUkDevpulseAppsflyerModule.m:12:
[TRACE]  [xcode-dist] /Users/knemeth/Documents/GitHub/AppsFlyer/iphone/AppsFlyerTracker.h:314:1: warning: no 'assign', 'retain', or 'copy' attribute is specified - 'assign' is assumed [-Wobjc-property-no-attribute]
[TRACE]  [xcode-dist] @property(nonatomic, nullable) NSArray<NSString *> *resolveDeepLinkURLs;
[TRACE]  [xcode-dist] ^
[TRACE]  [xcode-dist] /Users/knemeth/Documents/GitHub/AppsFlyer/iphone/AppsFlyerTracker.h:314:1: warning: default property attribute 'assign' not appropriate for object [-Wobjc-property-no-attribute]
[TRACE]  [xcode-dist] /Users/knemeth/Documents/GitHub/AppsFlyer/iphone/AppsFlyerTracker.h:325:1: warning: no 'assign', 'retain', or 'copy' attribute is specified - 'assign' is assumed [-Wobjc-property-no-attribute]
[TRACE]  [xcode-dist] @property(nonatomic, nullable) NSArray<NSString *> *oneLinkCustomDomains;
[TRACE]  [xcode-dist] ^
[TRACE]  [xcode-dist] /Users/knemeth/Documents/GitHub/AppsFlyer/iphone/AppsFlyerTracker.h:325:1: warning: default property attribute 'assign' not appropriate for object [-Wobjc-property-no-attribute]
[TRACE]  [xcode-dist] /Users/knemeth/Documents/GitHub/AppsFlyer/iphone/AppsFlyerTracker.h:330:1: warning: no 'assign', 'retain', or 'copy' attribute is specified - 'assign' is assumed [-Wobjc-property-no-attribute]
[TRACE]  [xcode-dist] @property(nonatomic, nullable) NSString *phoneNumber;
[TRACE]  [xcode-dist] ^
[TRACE]  [xcode-dist] /Users/knemeth/Documents/GitHub/AppsFlyer/iphone/AppsFlyerTracker.h:330:1: warning: default property attribute 'assign' not appropriate for object [-Wobjc-property-no-attribute]
[TRACE]  [xcode-dist] /Users/knemeth/Documents/GitHub/AppsFlyer/iphone/Classes/CoUkDevpulseAppsflyerModule.m:119:8: warning: incompatible integer to pointer conversion initializing 'id' with an expression of type 'BOOL' (aka 'signed char') [-Wint-conversion]
[TRACE]  [xcode-dist]     id isDebug = [TiUtils boolValue:[args objectForKey:@"isDebug"] def:NO];
[TRACE]  [xcode-dist]        ^         ~~~~~~~~~~~~~~~~~~~~~~~~~~~~~~~~~~~~~~~~~~~~~~~~~~~~~~~~~
[TRACE]  [xcode-dist] /Users/knemeth/Documents/GitHub/AppsFlyer/iphone/Classes/CoUkDevpulseAppsflyerModule.m:126:46: warning: incompatible pointer to integer conversion assigning to 'BOOL' (aka 'signed char') from 'id' [-Wint-conversion]
[TRACE]  [xcode-dist]     [AppsFlyerTracker sharedTracker].isDebug = isDebug;
[TRACE]  [xcode-dist]                                              ^ ~~~~~~~
[TRACE]  [xcode-dist] 8 warnings generated.
[TRACE]  [xcode-dist] CompileC build/AppsFlyer.build/Release-iphoneos/AppsFlyer.build/Objects-normal/armv7/CoUkDevpulseAppsflyerModuleAssets.o Classes/CoUkDevpulseAppsflyerModuleAssets.m normal armv7 objective-c com.apple.compilers.llvm.clang.1_0.compiler
[TRACE]  [xcode-dist]     cd /Users/knemeth/Documents/GitHub/AppsFlyer/iphone
[TRACE]  [xcode-dist]     export LANG=en_US.US-ASCII
[TRACE]  [xcode-dist]     export PATH="/Applications/Xcode.app/Contents/Developer/Platforms/iPhoneOS.platform/Developer/usr/bin:/Applications/Xcode.app/Contents/Developer/usr/bin:/Library/Frameworks/Python.framework/Versions/3.8/bin:/usr/local/bin:/usr/bin:/bin:/usr/sbin:/sbin"
[TRACE]  [xcode-dist]     /Applications/Xcode.app/Contents/Developer/Toolchains/XcodeDefault.xctoolchain/usr/bin/clang -x objective-c -target armv7-apple-ios8.0 -fmessage-length=0 -fdiagnostics-show-note-include-stack -fmacro-backtrace-limit=0 -std=c99 -Wno-trigraphs -fpascal-strings -Os -fno-common -Wno-missing-field-initializers -Wno-missing-prototypes -Wno-return-type -Wunreachable-code -Wno-implicit-atomic-properties -Wno-objc-interface-ivars -Wno-arc-repeated-use-of-weak -Wduplicate-method-match -Wno-missing-braces -Wno-parentheses -Wswitch -Wunused-function -Wno-unused-label -Wno-unused-parameter -Wno-unused-variable -Wno-unused-value -Wempty-body -Wuninitialized -Wno-unknown-pragmas -Wno-shadow -Wno-four-char-constants -Wno-conversion -Wconstant-conversion -Wint-conversion -Wbool-conversion -Wenum-conversion -Wno-float-conversion -Wnon-literal-null-conversion -Wobjc-literal-conversion -Wshorten-64-to-32 -Wpointer-sign -Wno-newline-eof -Wno-selector -Wno-strict-selector-match -Wundeclared-selector -Wno-deprecated-implementations -DTI_VERSION= -DOBJC_OLD_DISPATCH_PROTOTYPES=0 -isysroot /Applications/Xcode.app/Contents/Developer/Platforms/iPhoneOS.platform/Developer/SDKs/iPhoneOS13.2.sdk -fstrict-aliasing -Wprotocol -Wdeprecated-declarations -g -Wno-sign-conversion -Winfinite-recursion -Wcomma -Wblock-capture-autoreleasing -Wstrict-prototypes -Wno-semicolon-before-method-body -fembed-bitcode-marker -iquote /Users/knemeth/Documents/GitHub/AppsFlyer/iphone/build/AppsFlyer.build/Release-iphoneos/AppsFlyer.build/co.uk.devpulse.appsflyer-generated-files.hmap -I/Users/knemeth/Documents/GitHub/AppsFlyer/iphone/build/AppsFlyer.build/Release-iphoneos/AppsFlyer.build/co.uk.devpulse.appsflyer-own-target-headers.hmap -I/Users/knemeth/Documents/GitHub/AppsFlyer/iphone/build/AppsFlyer.build/Release-iphoneos/AppsFlyer.build/co.uk.devpulse.appsflyer-all-target-headers.hmap -iquote /Users/knemeth/Documents/GitHub/AppsFlyer/iphone/build/AppsFlyer.build/Release-iphoneos/AppsFlyer.build/co.uk.devpulse.appsflyer-project-headers.hmap -I/Users/knemeth/Documents/GitHub/AppsFlyer/iphone/build/Release-iphoneos/include -I/Users/knemeth/Library/Application\ Support/Titanium/mobilesdk/osx/8.3.0.GA/iphone/include -I/Users/knemeth/Library/Application\ Support/Titanium/mobilesdk/osx/8.3.0.GA/iphone/include/TiCore -I/Users/knemeth/Library/Application\ Support/Titanium/mobilesdk/osx/8.3.0.GA/iphone/include/JavaScriptCore -I/Users/knemeth/Documents/GitHub/AppsFlyer/iphone/build/AppsFlyer.build/Release-iphoneos/AppsFlyer.build/DerivedSources-normal/armv7 -I/Users/knemeth/Documents/GitHub/AppsFlyer/iphone/build/AppsFlyer.build/Release-iphoneos/AppsFlyer.build/DerivedSources/armv7 -I/Users/knemeth/Documents/GitHub/AppsFlyer/iphone/build/AppsFlyer.build/Release-iphoneos/AppsFlyer.build/DerivedSources -F/Users/knemeth/Documents/GitHub/AppsFlyer/iphone/build/Release-iphoneos -F/Users/knemeth/Library/Application\ Support/Titanium/mobilesdk/osx/8.3.0.GA/iphone/Frameworks -F/Users/knemeth/Documents/GitHub/AppsFlyer/iphone -DTI_POST_1_2 -include /Users/knemeth/Documents/GitHub/AppsFlyer/iphone/build/SharedPrecompiledHeaders/CoUkDevpulseAppsflyer_Prefix-gtqbpdhwdpxpqrcpfrddsjxxzyoj/CoUkDevpulseAppsflyer_Prefix.pch -MMD -MT dependencies -MF /Users/knemeth/Documents/GitHub/AppsFlyer/iphone/build/AppsFlyer.build/Release-iphoneos/AppsFlyer.build/Objects-normal/armv7/CoUkDevpulseAppsflyerModuleAssets.d --serialize-diagnostics /Users/knemeth/Documents/GitHub/AppsFlyer/iphone/build/AppsFlyer.build/Release-iphoneos/AppsFlyer.build/Objects-normal/armv7/CoUkDevpulseAppsflyerModuleAssets.dia -c /Users/knemeth/Documents/GitHub/AppsFlyer/iphone/Classes/CoUkDevpulseAppsflyerModuleAssets.m -o /Users/knemeth/Documents/GitHub/AppsFlyer/iphone/build/AppsFlyer.build/Release-iphoneos/AppsFlyer.build/Objects-normal/armv7/CoUkDevpulseAppsflyerModuleAssets.o
[TRACE]  [xcode-dist] CompileC build/AppsFlyer.build/Release-iphoneos/AppsFlyer.build/Objects-normal/arm64/CoUkDevpulseAppsflyerModule.o Classes/CoUkDevpulseAppsflyerModule.m normal arm64 objective-c com.apple.compilers.llvm.clang.1_0.compiler
[TRACE]  [xcode-dist]     cd /Users/knemeth/Documents/GitHub/AppsFlyer/iphone
[TRACE]  [xcode-dist]     export LANG=en_US.US-ASCII
[TRACE]  [xcode-dist]     export PATH="/Applications/Xcode.app/Contents/Developer/Platforms/iPhoneOS.platform/Developer/usr/bin:/Applications/Xcode.app/Contents/Developer/usr/bin:/Library/Frameworks/Python.framework/Versions/3.8/bin:/usr/local/bin:/usr/bin:/bin:/usr/sbin:/sbin"
[TRACE]  [xcode-dist]     /Applications/Xcode.app/Contents/Developer/Toolchains/XcodeDefault.xctoolchain/usr/bin/clang -x objective-c -target arm64-apple-ios8.0 -fmessage-length=0 -fdiagnostics-show-note-include-stack -fmacro-backtrace-limit=0 -std=c99 -Wno-trigraphs -fpascal-strings -Os -fno-common -Wno-missing-field-initializers -Wno-missing-prototypes -Wno-return-type -Wunreachable-code -Wno-implicit-atomic-properties -Wno-objc-interface-ivars -Wno-arc-repeated-use-of-weak -Wduplicate-method-match -Wno-missing-braces -Wno-parentheses -Wswitch -Wunused-function -Wno-unused-label -Wno-unused-parameter -Wno-unused-variable -Wno-unused-value -Wempty-body -Wuninitialized -Wno-unknown-pragmas -Wno-shadow -Wno-four-char-constants -Wno-conversion -Wconstant-conversion -Wint-conversion -Wbool-conversion -Wenum-conversion -Wno-float-conversion -Wnon-literal-null-conversion -Wobjc-literal-conversion -Wshorten-64-to-32 -Wpointer-sign -Wno-newline-eof -Wno-selector -Wno-strict-selector-match -Wundeclared-selector -Wno-deprecated-implementations -DTI_VERSION= -DOBJC_OLD_DISPATCH_PROTOTYPES=0 -isysroot /Applications/Xcode.app/Contents/Developer/Platforms/iPhoneOS.platform/Developer/SDKs/iPhoneOS13.2.sdk -fstrict-aliasing -Wprotocol -Wdeprecated-declarations -g -Wno-sign-conversion -Winfinite-recursion -Wcomma -Wblock-capture-autoreleasing -Wstrict-prototypes -Wno-semicolon-before-method-body -fembed-bitcode-marker -iquote /Users/knemeth/Documents/GitHub/AppsFlyer/iphone/build/AppsFlyer.build/Release-iphoneos/AppsFlyer.build/co.uk.devpulse.appsflyer-generated-files.hmap -I/Users/knemeth/Documents/GitHub/AppsFlyer/iphone/build/AppsFlyer.build/Release-iphoneos/AppsFlyer.build/co.uk.devpulse.appsflyer-own-target-headers.hmap -I/Users/knemeth/Documents/GitHub/AppsFlyer/iphone/build/AppsFlyer.build/Release-iphoneos/AppsFlyer.build/co.uk.devpulse.appsflyer-all-target-headers.hmap -iquote /Users/knemeth/Documents/GitHub/AppsFlyer/iphone/build/AppsFlyer.build/Release-iphoneos/AppsFlyer.build/co.uk.devpulse.appsflyer-project-headers.hmap -I/Users/knemeth/Documents/GitHub/AppsFlyer/iphone/build/Release-iphoneos/include -I/Users/knemeth/Library/Application\ Support/Titanium/mobilesdk/osx/8.3.0.GA/iphone/include -I/Users/knemeth/Library/Application\ Support/Titanium/mobilesdk/osx/8.3.0.GA/iphone/include/TiCore -I/Users/knemeth/Library/Application\ Support/Titanium/mobilesdk/osx/8.3.0.GA/iphone/include/JavaScriptCore -I/Users/knemeth/Documents/GitHub/AppsFlyer/iphone/build/AppsFlyer.build/Release-iphoneos/AppsFlyer.build/DerivedSources-normal/arm64 -I/Users/knemeth/Documents/GitHub/AppsFlyer/iphone/build/AppsFlyer.build/Release-iphoneos/AppsFlyer.build/DerivedSources/arm64 -I/Users/knemeth/Documents/GitHub/AppsFlyer/iphone/build/AppsFlyer.build/Release-iphoneos/AppsFlyer.build/DerivedSources -F/Users/knemeth/Documents/GitHub/AppsFlyer/iphone/build/Release-iphoneos -F/Users/knemeth/Library/Application\ Support/Titanium/mobilesdk/osx/8.3.0.GA/iphone/Frameworks -F/Users/knemeth/Documents/GitHub/AppsFlyer/iphone -DTI_POST_1_2 -include /Users/knemeth/Documents/GitHub/AppsFlyer/iphone/build/SharedPrecompiledHeaders/CoUkDevpulseAppsflyer_Prefix-aejwxmubmtjtnpdyxmmqxmlcqlwn/CoUkDevpulseAppsflyer_Prefix.pch -MMD -MT dependencies -MF /Users/knemeth/Documents/GitHub/AppsFlyer/iphone/build/AppsFlyer.build/Release-iphoneos/AppsFlyer.build/Objects-normal/arm64/CoUkDevpulseAppsflyerModule.d --serialize-diagnostics /Users/knemeth/Documents/GitHub/AppsFlyer/iphone/build/AppsFlyer.build/Release-iphoneos/AppsFlyer.build/Objects-normal/arm64/CoUkDevpulseAppsflyerModule.dia -c /Users/knemeth/Documents/GitHub/AppsFlyer/iphone/Classes/CoUkDevpulseAppsflyerModule.m -o /Users/knemeth/Documents/GitHub/AppsFlyer/iphone/build/AppsFlyer.build/Release-iphoneos/AppsFlyer.build/Objects-normal/arm64/CoUkDevpulseAppsflyerModule.o
[TRACE]  [xcode-dist] In file included from /Users/knemeth/Documents/GitHub/AppsFlyer/iphone/Classes/CoUkDevpulseAppsflyerModule.m:12:
[TRACE]  [xcode-dist] /Users/knemeth/Documents/GitHub/AppsFlyer/iphone/AppsFlyerTracker.h:314:1: warning: no 'assign', 'retain', or 'copy' attribute is specified - 'assign' is assumed [-Wobjc-property-no-attribute]
[TRACE]  [xcode-dist] @property(nonatomic, nullable) NSArray<NSString *> *resolveDeepLinkURLs;
[TRACE]  [xcode-dist] ^
[TRACE]  [xcode-dist] /Users/knemeth/Documents/GitHub/AppsFlyer/iphone/AppsFlyerTracker.h:314:1: warning: default property attribute 'assign' not appropriate for object [-Wobjc-property-no-attribute]
[TRACE]  [xcode-dist] /Users/knemeth/Documents/GitHub/AppsFlyer/iphone/AppsFlyerTracker.h:325:1: warning: no 'assign', 'retain', or 'copy' attribute is specified - 'assign' is assumed [-Wobjc-property-no-attribute]
[TRACE]  [xcode-dist] @property(nonatomic, nullable) NSArray<NSString *> *oneLinkCustomDomains;
[TRACE]  [xcode-dist] ^
[TRACE]  [xcode-dist] /Users/knemeth/Documents/GitHub/AppsFlyer/iphone/AppsFlyerTracker.h:325:1: warning: default property attribute 'assign' not appropriate for object [-Wobjc-property-no-attribute]
[TRACE]  [xcode-dist] /Users/knemeth/Documents/GitHub/AppsFlyer/iphone/AppsFlyerTracker.h:330:1: warning: no 'assign', 'retain', or 'copy' attribute is specified - 'assign' is assumed [-Wobjc-property-no-attribute]
[TRACE]  [xcode-dist] @property(nonatomic, nullable) NSString *phoneNumber;
[TRACE]  [xcode-dist] ^
[TRACE]  [xcode-dist] /Users/knemeth/Documents/GitHub/AppsFlyer/iphone/AppsFlyerTracker.h:330:1: warning: default property attribute 'assign' not appropriate for object [-Wobjc-property-no-attribute]
[TRACE]  [xcode-dist] /Users/knemeth/Documents/GitHub/AppsFlyer/iphone/Classes/CoUkDevpulseAppsflyerModule.m:119:8: warning: incompatible integer to pointer conversion initializing 'id' with an expression of type 'BOOL' (aka 'bool') [-Wint-conversion]
[TRACE]  [xcode-dist]     id isDebug = [TiUtils boolValue:[args objectForKey:@"isDebug"] def:NO];
[TRACE]  [xcode-dist]        ^         ~~~~~~~~~~~~~~~~~~~~~~~~~~~~~~~~~~~~~~~~~~~~~~~~~~~~~~~~~
[TRACE]  [xcode-dist] 7 warnings generated.
[TRACE]  [xcode-dist] CompileC build/AppsFlyer.build/Release-iphoneos/AppsFlyer.build/Objects-normal/arm64/CoUkDevpulseAppsflyerModuleAssets.o Classes/CoUkDevpulseAppsflyerModuleAssets.m normal arm64 objective-c com.apple.compilers.llvm.clang.1_0.compiler
[TRACE]  [xcode-dist]     cd /Users/knemeth/Documents/GitHub/AppsFlyer/iphone
[TRACE]  [xcode-dist]     export LANG=en_US.US-ASCII
[TRACE]  [xcode-dist]     export PATH="/Applications/Xcode.app/Contents/Developer/Platforms/iPhoneOS.platform/Developer/usr/bin:/Applications/Xcode.app/Contents/Developer/usr/bin:/Library/Frameworks/Python.framework/Versions/3.8/bin:/usr/local/bin:/usr/bin:/bin:/usr/sbin:/sbin"
[TRACE]  [xcode-dist]     /Applications/Xcode.app/Contents/Developer/Toolchains/XcodeDefault.xctoolchain/usr/bin/clang -x objective-c -target arm64-apple-ios8.0 -fmessage-length=0 -fdiagnostics-show-note-include-stack -fmacro-backtrace-limit=0 -std=c99 -Wno-trigraphs -fpascal-strings -Os -fno-common -Wno-missing-field-initializers -Wno-missing-prototypes -Wno-return-type -Wunreachable-code -Wno-implicit-atomic-properties -Wno-objc-interface-ivars -Wno-arc-repeated-use-of-weak -Wduplicate-method-match -Wno-missing-braces -Wno-parentheses -Wswitch -Wunused-function -Wno-unused-label -Wno-unused-parameter -Wno-unused-variable -Wno-unused-value -Wempty-body -Wuninitialized -Wno-unknown-pragmas -Wno-shadow -Wno-four-char-constants -Wno-conversion -Wconstant-conversion -Wint-conversion -Wbool-conversion -Wenum-conversion -Wno-float-conversion -Wnon-literal-null-conversion -Wobjc-literal-conversion -Wshorten-64-to-32 -Wpointer-sign -Wno-newline-eof -Wno-selector -Wno-strict-selector-match -Wundeclared-selector -Wno-deprecated-implementations -DTI_VERSION= -DOBJC_OLD_DISPATCH_PROTOTYPES=0 -isysroot /Applications/Xcode.app/Contents/Developer/Platforms/iPhoneOS.platform/Developer/SDKs/iPhoneOS13.2.sdk -fstrict-aliasing -Wprotocol -Wdeprecated-declarations -g -Wno-sign-conversion -Winfinite-recursion -Wcomma -Wblock-capture-autoreleasing -Wstrict-prototypes -Wno-semicolon-before-method-body -fembed-bitcode-marker -iquote /Users/knemeth/Documents/GitHub/AppsFlyer/iphone/build/AppsFlyer.build/Release-iphoneos/AppsFlyer.build/co.uk.devpulse.appsflyer-generated-files.hmap -I/Users/knemeth/Documents/GitHub/AppsFlyer/iphone/build/AppsFlyer.build/Release-iphoneos/AppsFlyer.build/co.uk.devpulse.appsflyer-own-target-headers.hmap -I/Users/knemeth/Documents/GitHub/AppsFlyer/iphone/build/AppsFlyer.build/Release-iphoneos/AppsFlyer.build/co.uk.devpulse.appsflyer-all-target-headers.hmap -iquote /Users/knemeth/Documents/GitHub/AppsFlyer/iphone/build/AppsFlyer.build/Release-iphoneos/AppsFlyer.build/co.uk.devpulse.appsflyer-project-headers.hmap -I/Users/knemeth/Documents/GitHub/AppsFlyer/iphone/build/Release-iphoneos/include -I/Users/knemeth/Library/Application\ Support/Titanium/mobilesdk/osx/8.3.0.GA/iphone/include -I/Users/knemeth/Library/Application\ Support/Titanium/mobilesdk/osx/8.3.0.GA/iphone/include/TiCore -I/Users/knemeth/Library/Application\ Support/Titanium/mobilesdk/osx/8.3.0.GA/iphone/include/JavaScriptCore -I/Users/knemeth/Documents/GitHub/AppsFlyer/iphone/build/AppsFlyer.build/Release-iphoneos/AppsFlyer.build/DerivedSources-normal/arm64 -I/Users/knemeth/Documents/GitHub/AppsFlyer/iphone/build/AppsFlyer.build/Release-iphoneos/AppsFlyer.build/DerivedSources/arm64 -I/Users/knemeth/Documents/GitHub/AppsFlyer/iphone/build/AppsFlyer.build/Release-iphoneos/AppsFlyer.build/DerivedSources -F/Users/knemeth/Documents/GitHub/AppsFlyer/iphone/build/Release-iphoneos -F/Users/knemeth/Library/Application\ Support/Titanium/mobilesdk/osx/8.3.0.GA/iphone/Frameworks -F/Users/knemeth/Documents/GitHub/AppsFlyer/iphone -DTI_POST_1_2 -include /Users/knemeth/Documents/GitHub/AppsFlyer/iphone/build/SharedPrecompiledHeaders/CoUkDevpulseAppsflyer_Prefix-aejwxmubmtjtnpdyxmmqxmlcqlwn/CoUkDevpulseAppsflyer_Prefix.pch -MMD -MT dependencies -MF /Users/knemeth/Documents/GitHub/AppsFlyer/iphone/build/AppsFlyer.build/Release-iphoneos/AppsFlyer.build/Objects-normal/arm64/CoUkDevpulseAppsflyerModuleAssets.d --serialize-diagnostics /Users/knemeth/Documents/GitHub/AppsFlyer/iphone/build/AppsFlyer.build/Release-iphoneos/AppsFlyer.build/Objects-normal/arm64/CoUkDevpulseAppsflyerModuleAssets.dia -c /Users/knemeth/Documents/GitHub/AppsFlyer/iphone/Classes/CoUkDevpulseAppsflyerModuleAssets.m -o /Users/knemeth/Documents/GitHub/AppsFlyer/iphone/build/AppsFlyer.build/Release-iphoneos/AppsFlyer.build/Objects-normal/arm64/CoUkDevpulseAppsflyerModuleAssets.o
[TRACE]  [xcode-dist] Libtool build/AppsFlyer.build/Release-iphoneos/AppsFlyer.build/Objects-normal/armv7/libco.uk.devpulse.appsflyer.a normal armv7
[TRACE]  [xcode-dist]     cd /Users/knemeth/Documents/GitHub/AppsFlyer/iphone
[TRACE]  [xcode-dist]     export IPHONEOS_DEPLOYMENT_TARGET=8.0
[TRACE]  [xcode-dist]     export PATH="/Applications/Xcode.app/Contents/Developer/Platforms/iPhoneOS.platform/Developer/usr/bin:/Applications/Xcode.app/Contents/Developer/usr/bin:/Library/Frameworks/Python.framework/Versions/3.8/bin:/usr/local/bin:/usr/bin:/bin:/usr/sbin:/sbin"
[TRACE]  [xcode-dist]     /Applications/Xcode.app/Contents/Developer/Toolchains/XcodeDefault.xctoolchain/usr/bin/libtool -static -arch_only armv7 -D -syslibroot /Applications/Xcode.app/Contents/Developer/Platforms/iPhoneOS.platform/Developer/SDKs/iPhoneOS13.2.sdk -L/Users/knemeth/Documents/GitHub/AppsFlyer/iphone/build/Release-iphoneos -L/Users/knemeth/Documents/GitHub/AppsFlyer/iphone/platform -L/Users/knemeth/Documents/GitHub/AppsFlyer/iphone -filelist /Users/knemeth/Documents/GitHub/AppsFlyer/iphone/build/AppsFlyer.build/Release-iphoneos/AppsFlyer.build/Objects-normal/armv7/co.uk.devpulse.appsflyer.LinkFileList -lAppsFlyerLib -framework iAd -framework Foundation -framework AdSupport -o /Users/knemeth/Documents/GitHub/AppsFlyer/iphone/build/AppsFlyer.build/Release-iphoneos/AppsFlyer.build/Objects-normal/armv7/libco.uk.devpulse.appsflyer.a
[TRACE]  [xcode-dist] Libtool build/AppsFlyer.build/Release-iphoneos/AppsFlyer.build/Objects-normal/arm64/libco.uk.devpulse.appsflyer.a normal arm64
[TRACE]  [xcode-dist]     cd /Users/knemeth/Documents/GitHub/AppsFlyer/iphone
[TRACE]  [xcode-dist]     export IPHONEOS_DEPLOYMENT_TARGET=8.0
[TRACE]  [xcode-dist]     export PATH="/Applications/Xcode.app/Contents/Developer/Platforms/iPhoneOS.platform/Developer/usr/bin:/Applications/Xcode.app/Contents/Developer/usr/bin:/Library/Frameworks/Python.framework/Versions/3.8/bin:/usr/local/bin:/usr/bin:/bin:/usr/sbin:/sbin"
[TRACE]  [xcode-dist]     /Applications/Xcode.app/Contents/Developer/Toolchains/XcodeDefault.xctoolchain/usr/bin/libtool -static -arch_only arm64 -D -syslibroot /Applications/Xcode.app/Contents/Developer/Platforms/iPhoneOS.platform/Developer/SDKs/iPhoneOS13.2.sdk -L/Users/knemeth/Documents/GitHub/AppsFlyer/iphone/build/Release-iphoneos -L/Users/knemeth/Documents/GitHub/AppsFlyer/iphone/platform -L/Users/knemeth/Documents/GitHub/AppsFlyer/iphone -filelist /Users/knemeth/Documents/GitHub/AppsFlyer/iphone/build/AppsFlyer.build/Release-iphoneos/AppsFlyer.build/Objects-normal/arm64/co.uk.devpulse.appsflyer.LinkFileList -lAppsFlyerLib -framework iAd -framework Foundation -framework AdSupport -o /Users/knemeth/Documents/GitHub/AppsFlyer/iphone/build/AppsFlyer.build/Release-iphoneos/AppsFlyer.build/Objects-normal/arm64/libco.uk.devpulse.appsflyer.a
[TRACE]  [xcode-dist] CreateUniversalBinary build/Release-iphoneos/libco.uk.devpulse.appsflyer.a normal armv7\ arm64
[TRACE]  [xcode-dist]     cd /Users/knemeth/Documents/GitHub/AppsFlyer/iphone
[TRACE]  [xcode-dist]     export PATH="/Applications/Xcode.app/Contents/Developer/Platforms/iPhoneOS.platform/Developer/usr/bin:/Applications/Xcode.app/Contents/Developer/usr/bin:/Library/Frameworks/Python.framework/Versions/3.8/bin:/usr/local/bin:/usr/bin:/bin:/usr/sbin:/sbin"
[TRACE]  [xcode-dist]     /Applications/Xcode.app/Contents/Developer/Toolchains/XcodeDefault.xctoolchain/usr/bin/libtool -static /Users/knemeth/Documents/GitHub/AppsFlyer/iphone/build/AppsFlyer.build/Release-iphoneos/AppsFlyer.build/Objects-normal/armv7/libco.uk.devpulse.appsflyer.a /Users/knemeth/Documents/GitHub/AppsFlyer/iphone/build/AppsFlyer.build/Release-iphoneos/AppsFlyer.build/Objects-normal/arm64/libco.uk.devpulse.appsflyer.a -o /Users/knemeth/Documents/GitHub/AppsFlyer/iphone/build/Release-iphoneos/libco.uk.devpulse.appsflyer.a
[TRACE]  [xcode-dist] ** BUILD SUCCEEDED **
[INFO]   Creating universal library
[DEBUG]  Running: /Applications/Xcode.app/Contents/Developer/Toolchains/XcodeDefault.xctoolchain/usr/bin/lipo /Users/knemeth/Documents/GitHub/AppsFlyer/iphone/build/Release-iphoneos/libco.uk.devpulse.appsflyer.a /Users/knemeth/Documents/GitHub/AppsFlyer/iphone/build/Release-iphonesimulator/libco.uk.devpulse.appsflyer.a -create -output /Users/knemeth/Documents/GitHub/AppsFlyer/iphone/build/libco.uk.devpulse.appsflyer.a
[INFO]   Verifying universal library
[DEBUG]  Running: /Applications/Xcode.app/Contents/Developer/Toolchains/XcodeDefault.xctoolchain/usr/bin/lipo -info /Users/knemeth/Documents/GitHub/AppsFlyer/iphone/build/libco.uk.devpulse.appsflyer.a
[INFO]   Creating module zip
[INFO]   Writing module zip: /Users/knemeth/Documents/GitHub/AppsFlyer/iphone/dist/co.uk.devpulse.appsflyer-iphone-2.1.1.zip
[INFO]   Project built successfully in 4s 357ms
